=== puma startup: 2016-07-22 19:08:19 +0530 ===
tail: cannot open 'log/development.log' for reading: No such file or directory
tail: cannot open 'log/development.log' for reading: No such file or directory
=== puma startup: 2016-07-22 20:42:45 +0530 ===
tail: cannot open 'log/development.log' for reading: No such file or directory
=== puma startup: 2016-07-25 11:57:44 +0530 ===
tail: cannot open 'log/development.log' for reading: No such file or directory
=== puma startup: 2016-07-25 16:56:11 +0530 ===
=== puma startup: 2016-07-25 16:56:46 +0530 ===
tail: cannot open 'log/development.log' for reading: No such file or directory
=== puma startup: 2016-07-26 15:53:36 +0530 ===
tail: cannot open 'log/development.log' for reading: No such file or directory
=== puma startup: 2016-07-26 15:55:13 +0530 ===
tail: cannot open 'log/development.log' for reading: No such file or directory
=== puma startup: 2016-07-26 15:56:07 +0530 ===
tail: cannot open 'log/development.log' for reading: No such file or directory
tail: cannot open 'log/development.log' for reading: No such file or directory
=== puma startup: 2016-07-26 15:57:45 +0530 ===
tail: cannot open 'log/development.log' for reading: No such file or directory
=== puma startup: 2016-07-26 16:00:32 +0530 ===
=== puma startup: 2016-07-26 16:02:58 +0530 ===
=== puma startup: 2016-07-26 20:02:55 +0530 ===
=== puma startup: 2016-07-27 08:15:04 +0530 ===
=== puma startup: 2016-07-27 08:22:04 +0530 ===
=== puma startup: 2016-07-27 08:22:54 +0530 ===
=== puma startup: 2016-07-27 08:23:52 +0530 ===
=== puma startup: 2016-07-27 08:59:19 +0530 ===
=== puma startup: 2016-07-27 11:00:40 +0530 ===
=== puma startup: 2016-07-27 12:30:17 +0530 ===
=== puma startup: 2016-07-27 12:31:02 +0530 ===
=== puma startup: 2016-07-27 12:45:46 +0530 ===
=== puma startup: 2016-07-27 12:50:16 +0530 ===
=== puma startup: 2016-07-27 12:52:47 +0530 ===
=== puma startup: 2016-07-27 12:53:54 +0530 ===
=== puma startup: 2016-07-27 12:57:49 +0530 ===
=== puma startup: 2016-07-27 13:10:23 +0530 ===
=== puma startup: 2016-07-27 13:13:10 +0530 ===
=== puma startup: 2016-07-27 13:15:00 +0530 ===
=== puma startup: 2016-07-27 13:18:16 +0530 ===
=== puma startup: 2016-07-27 13:21:57 +0530 ===
=== puma startup: 2016-07-27 13:23:35 +0530 ===
=== puma startup: 2016-07-27 13:26:26 +0530 ===
=== puma startup: 2016-07-27 13:44:29 +0530 ===
=== puma startup: 2016-07-29 09:09:06 +0530 ===
=== puma startup: 2016-07-29 09:15:17 +0530 ===
=== puma startup: 2016-07-29 10:49:34 +0530 ===
=== puma startup: 2016-07-29 10:50:51 +0530 ===
=== puma startup: 2016-07-29 10:53:43 +0530 ===
=== puma startup: 2016-07-29 11:08:57 +0530 ===
=== puma startup: 2016-07-29 12:48:01 +0530 ===
=== puma startup: 2016-07-29 12:50:50 +0530 ===
=== puma startup: 2016-07-29 13:32:15 +0530 ===
=== puma startup: 2016-07-29 15:24:00 +0530 ===
=== puma startup: 2016-07-31 20:04:48 +0530 ===
=== puma startup: 2016-07-31 20:06:14 +0530 ===
=== puma startup: 2016-08-01 14:13:22 +0530 ===
=== puma startup: 2016-08-01 18:37:18 +0530 ===
=== puma startup: 2016-08-02 11:31:59 +0530 ===
=== puma startup: 2016-08-02 14:07:00 +0530 ===
=== puma startup: 2016-08-02 14:23:13 +0530 ===
=== puma startup: 2016-08-02 14:24:35 +0530 ===
=== puma startup: 2016-08-02 14:24:42 +0530 ===
=== puma startup: 2016-08-02 20:20:56 +0530 ===
=== puma startup: 2016-08-02 20:26:02 +0530 ===
=== puma startup: 2016-08-02 20:29:41 +0530 ===
=== puma startup: 2016-08-02 20:31:13 +0530 ===
=== puma startup: 2016-08-02 21:28:43 +0530 ===
=== puma startup: 2016-08-02 21:31:17 +0530 ===
=== puma startup: 2016-08-02 21:33:24 +0530 ===
=== puma startup: 2016-08-02 21:33:51 +0530 ===
=== puma startup: 2016-08-02 21:34:54 +0530 ===
=== puma startup: 2016-08-02 21:37:35 +0530 ===
=== puma startup: 2016-08-03 10:15:34 +0530 ===
=== puma startup: 2016-08-03 10:17:46 +0530 ===
=== puma startup: 2016-08-03 10:22:16 +0530 ===
=== puma startup: 2016-08-03 11:30:23 +0530 ===
=== puma startup: 2016-08-03 11:41:02 +0530 ===
=== puma startup: 2016-08-03 17:47:53 +0530 ===
=== puma startup: 2016-08-03 17:50:10 +0530 ===
=== puma startup: 2016-08-03 17:57:25 +0530 ===
=== puma startup: 2016-08-03 18:19:03 +0530 ===
=== puma startup: 2016-08-03 18:36:08 +0530 ===
=== puma startup: 2016-08-03 18:37:11 +0530 ===
=== puma startup: 2016-08-03 22:05:57 +0530 ===
=== puma startup: 2016-08-03 22:10:05 +0530 ===
=== puma startup: 2016-08-03 22:10:51 +0530 ===
=== puma startup: 2016-08-03 22:11:50 +0530 ===
=== puma startup: 2016-08-03 22:13:17 +0530 ===
=== puma startup: 2016-08-03 22:14:26 +0530 ===
=== puma startup: 2016-08-03 22:15:49 +0530 ===
=== puma startup: 2016-08-03 22:16:53 +0530 ===
=== puma startup: 2016-08-03 22:17:36 +0530 ===
=== puma startup: 2016-08-03 22:21:56 +0530 ===
=== puma startup: 2016-08-03 22:45:54 +0530 ===
=== puma startup: 2016-08-04 11:23:30 +0530 ===
=== puma startup: 2016-08-04 11:26:11 +0530 ===
=== puma startup: 2016-08-04 11:46:18 +0530 ===
=== puma startup: 2016-08-04 12:29:31 +0530 ===
=== puma startup: 2016-08-04 12:30:22 +0530 ===
=== puma startup: 2016-08-04 12:35:21 +0530 ===
=== puma startup: 2016-08-04 12:35:27 +0530 ===
=== puma startup: 2016-08-04 12:37:22 +0530 ===
=== puma startup: 2016-08-04 13:24:23 +0530 ===
=== puma startup: 2016-08-04 13:26:22 +0530 ===
=== puma startup: 2016-08-04 15:08:24 +0530 ===
=== puma startup: 2016-08-04 15:08:32 +0530 ===
=== puma startup: 2016-08-04 15:10:44 +0530 ===
=== puma startup: 2016-08-04 15:10:58 +0530 ===
=== puma startup: 2016-08-04 15:16:38 +0530 ===
=== puma startup: 2016-08-04 18:28:43 +0530 ===
=== puma startup: 2016-08-04 18:29:34 +0530 ===
=== puma startup: 2016-08-04 19:53:15 +0530 ===
=== puma startup: 2016-08-04 20:06:45 +0530 ===
=== puma startup: 2016-08-04 20:13:27 +0530 ===
=== puma startup: 2016-08-05 20:36:02 +0530 ===
=== puma startup: 2016-08-05 21:51:56 +0530 ===
=== puma startup: 2016-08-05 21:53:03 +0530 ===
=== puma startup: 2016-08-06 22:11:45 +0530 ===
=== puma startup: 2016-08-06 22:12:27 +0530 ===
=== puma startup: 2016-08-06 22:20:16 +0530 ===
=== puma startup: 2016-08-06 22:29:06 +0530 ===
=== puma startup: 2016-08-08 10:34:57 +0530 ===
=== puma startup: 2016-08-08 10:43:30 +0530 ===
=== puma startup: 2016-08-08 11:31:00 +0530 ===
=== puma startup: 2016-08-08 11:32:07 +0530 ===
=== puma startup: 2016-08-08 11:33:25 +0530 ===
=== puma startup: 2016-08-08 11:34:03 +0530 ===
=== puma startup: 2016-08-08 11:34:24 +0530 ===
=== puma startup: 2016-08-08 11:34:50 +0530 ===
=== puma startup: 2016-08-08 11:35:25 +0530 ===
=== puma startup: 2016-08-08 15:14:44 +0530 ===
=== puma startup: 2016-08-08 15:17:45 +0530 ===
=== puma startup: 2016-08-08 15:21:12 +0530 ===
=== puma startup: 2016-08-08 15:45:13 +0530 ===
=== puma startup: 2016-08-08 15:48:11 +0530 ===
=== puma startup: 2016-08-08 19:32:41 +0530 ===
=== puma startup: 2016-08-08 20:12:28 +0530 ===
=== puma startup: 2016-08-08 20:16:50 +0530 ===
=== puma startup: 2016-08-08 21:17:55 +0530 ===
=== puma startup: 2016-08-08 21:19:32 +0530 ===
=== puma startup: 2016-08-08 21:21:06 +0530 ===
=== puma startup: 2016-08-08 21:24:03 +0530 ===
=== puma startup: 2016-08-08 21:29:00 +0530 ===
=== puma startup: 2016-08-08 21:31:23 +0530 ===
=== puma startup: 2016-08-08 21:32:40 +0530 ===
=== puma startup: 2016-08-09 11:48:01 +0530 ===
=== puma startup: 2016-08-09 12:35:20 +0530 ===
=== puma startup: 2016-08-09 12:43:59 +0530 ===
=== puma startup: 2016-08-09 12:52:20 +0530 ===
=== puma startup: 2016-08-09 12:53:32 +0530 ===
=== puma startup: 2016-08-09 12:54:27 +0530 ===
=== puma startup: 2016-08-09 15:53:51 +0530 ===
=== puma startup: 2016-08-10 08:57:33 +0530 ===
=== puma startup: 2016-08-10 08:59:54 +0530 ===
=== puma startup: 2016-08-10 09:00:21 +0530 ===
=== puma startup: 2016-08-10 09:02:57 +0530 ===
=== puma startup: 2016-08-10 09:04:17 +0530 ===
=== puma startup: 2016-08-10 09:13:25 +0530 ===
=== puma startup: 2016-08-10 09:23:45 +0530 ===
=== puma startup: 2016-08-10 09:36:26 +0530 ===
=== puma startup: 2016-08-10 10:35:47 +0530 ===
=== puma startup: 2016-08-10 10:56:00 +0530 ===
=== puma startup: 2016-08-10 16:33:46 +0530 ===
=== puma startup: 2016-08-10 16:45:48 +0530 ===
=== puma startup: 2016-08-10 16:50:16 +0530 ===
=== puma startup: 2016-08-10 16:52:27 +0530 ===
=== puma startup: 2016-08-10 17:35:42 +0530 ===
=== puma startup: 2016-08-10 17:37:23 +0530 ===
=== puma startup: 2016-08-10 17:48:17 +0530 ===
/home/ubuntubk57/sure-crm-v-1/app/views/order_masters/_quicklist.html.erb:123: warning: else without rescue is useless
/home/ubuntubk57/sure-crm-v-1/app/views/order_masters/_quicklist.html.erb:123: warning: else without rescue is useless
/home/ubuntubk57/sure-crm-v-1/app/views/order_masters/_quicklist.html.erb:123: warning: else without rescue is useless
/home/ubuntubk57/sure-crm-v-1/app/views/order_masters/_quicklist.html.erb:123: warning: else without rescue is useless
/home/ubuntubk57/sure-crm-v-1/app/views/order_masters/_quicklist.html.erb:123: warning: else without rescue is useless
=== puma startup: 2016-08-10 17:49:43 +0530 ===
=== puma startup: 2016-08-10 17:53:19 +0530 ===
=== puma startup: 2016-08-11 08:48:05 +0530 ===
=== puma startup: 2016-08-11 09:58:43 +0530 ===
=== puma startup: 2016-08-11 10:03:49 +0530 ===
=== puma startup: 2016-08-11 10:06:04 +0530 ===
=== puma startup: 2016-08-11 10:06:51 +0530 ===
=== puma startup: 2016-08-11 10:11:48 +0530 ===
=== puma startup: 2016-08-11 10:13:45 +0530 ===
=== puma startup: 2016-08-11 10:18:19 +0530 ===
=== puma startup: 2016-08-11 10:21:17 +0530 ===
=== puma startup: 2016-08-11 10:43:05 +0530 ===
=== puma startup: 2016-08-11 10:44:41 +0530 ===
=== puma startup: 2016-08-11 10:52:47 +0530 ===
=== puma startup: 2016-08-11 10:54:07 +0530 ===
=== puma startup: 2016-08-11 10:56:30 +0530 ===
=== puma startup: 2016-08-11 10:59:01 +0530 ===
=== puma startup: 2016-08-11 11:31:44 +0530 ===
=== puma startup: 2016-08-11 11:32:09 +0530 ===
=== puma startup: 2016-08-11 11:41:31 +0530 ===
=== puma startup: 2016-08-11 11:45:58 +0530 ===
=== puma startup: 2016-08-11 11:47:34 +0530 ===
=== puma startup: 2016-08-11 11:49:04 +0530 ===
=== puma startup: 2016-08-11 12:33:38 +0530 ===
=== puma startup: 2016-08-11 13:01:07 +0530 ===
=== puma startup: 2016-08-11 13:08:01 +0530 ===
=== puma startup: 2016-08-11 13:30:33 +0530 ===
=== puma startup: 2016-08-11 13:40:56 +0530 ===
=== puma startup: 2016-08-11 15:24:46 +0530 ===
=== puma startup: 2016-08-11 15:29:04 +0530 ===
=== puma startup: 2016-08-11 16:16:38 +0530 ===
=== puma startup: 2016-08-11 16:19:13 +0530 ===
=== puma startup: 2016-08-11 16:24:10 +0530 ===
=== puma startup: 2016-08-11 16:25:12 +0530 ===
=== puma startup: 2016-08-11 19:47:26 +0530 ===
=== puma startup: 2016-08-12 11:47:45 +0530 ===
=== puma startup: 2016-08-12 11:54:55 +0530 ===
=== puma startup: 2016-08-12 12:12:59 +0530 ===
=== puma startup: 2016-08-12 15:24:17 +0530 ===
=== puma startup: 2016-08-16 13:29:36 +0530 ===
=== puma startup: 2016-08-16 13:36:35 +0530 ===
=== puma startup: 2016-08-16 13:41:08 +0530 ===
=== puma startup: 2016-08-16 14:39:41 +0530 ===
=== puma startup: 2016-08-17 14:04:25 +0530 ===
=== puma startup: 2016-08-17 15:34:13 +0530 ===
=== puma startup: 2016-08-17 16:03:07 +0530 ===
=== puma startup: 2016-08-18 18:33:56 +0530 ===
=== puma startup: 2016-08-19 16:04:20 +0530 ===
=== puma startup: 2016-08-19 16:12:21 +0530 ===
=== puma startup: 2016-08-19 16:49:56 +0530 ===
=== puma startup: 2016-08-19 16:54:37 +0530 ===
=== puma startup: 2016-08-19 18:53:02 +0530 ===
=== puma startup: 2016-08-19 18:56:19 +0530 ===
=== puma startup: 2016-08-19 18:57:06 +0530 ===
=== puma startup: 2016-08-19 18:58:27 +0530 ===
=== puma startup: 2016-08-19 20:05:32 +0530 ===
=== puma startup: 2016-08-19 20:10:56 +0530 ===
=== puma startup: 2016-08-19 20:12:24 +0530 ===
=== puma startup: 2016-08-19 20:19:36 +0530 ===
=== puma startup: 2016-08-20 13:13:47 +0530 ===
=== puma startup: 2016-08-20 13:19:06 +0530 ===
=== puma startup: 2016-08-20 16:01:37 +0530 ===
=== puma startup: 2016-08-20 16:02:05 +0530 ===
=== puma startup: 2016-08-20 16:34:27 +0530 ===
=== puma startup: 2016-08-20 16:40:23 +0530 ===
=== puma startup: 2016-08-22 09:48:27 +0530 ===
=== puma startup: 2016-08-23 11:40:58 +0530 ===
=== puma startup: 2016-08-23 12:00:40 +0530 ===
=== puma startup: 2016-08-23 13:38:05 +0530 ===
=== puma startup: 2016-08-23 13:47:52 +0530 ===
=== puma startup: 2016-08-23 14:00:30 +0530 ===
=== puma startup: 2016-08-23 14:44:12 +0530 ===
=== puma startup: 2016-08-23 16:13:16 +0530 ===
=== puma startup: 2016-08-23 16:14:24 +0530 ===
=== puma startup: 2016-08-23 19:54:46 +0530 ===
=== puma startup: 2016-08-23 20:30:37 +0530 ===
=== puma startup: 2016-08-23 20:31:42 +0530 ===
=== puma startup: 2016-08-23 20:54:54 +0530 ===
=== puma startup: 2016-08-23 20:55:54 +0530 ===
=== puma startup: 2016-08-23 20:57:21 +0530 ===
=== puma startup: 2016-08-23 20:58:15 +0530 ===
=== puma startup: 2016-08-23 21:06:40 +0530 ===
=== puma startup: 2016-08-23 21:08:15 +0530 ===
=== puma startup: 2016-08-23 21:09:58 +0530 ===
=== puma startup: 2016-08-23 21:11:15 +0530 ===
=== puma startup: 2016-08-23 21:13:07 +0530 ===
=== puma startup: 2016-08-23 21:16:53 +0530 ===
=== puma startup: 2016-08-23 21:20:20 +0530 ===
=== puma startup: 2016-08-23 21:21:27 +0530 ===
=== puma startup: 2016-08-23 22:04:17 +0530 ===
=== puma startup: 2016-08-23 22:06:47 +0530 ===
=== puma startup: 2016-08-23 22:07:40 +0530 ===
=== puma startup: 2016-08-23 22:09:50 +0530 ===
=== puma startup: 2016-08-23 22:10:52 +0530 ===
=== puma startup: 2016-08-23 22:11:51 +0530 ===
=== puma startup: 2016-08-23 22:15:53 +0530 ===
=== puma startup: 2016-08-23 22:17:29 +0530 ===
=== puma startup: 2016-08-23 22:22:01 +0530 ===
=== puma startup: 2016-08-23 22:22:48 +0530 ===
=== puma startup: 2016-08-23 22:23:58 +0530 ===
=== puma startup: 2016-08-24 10:07:07 +0530 ===
=== puma startup: 2016-08-24 10:48:59 +0530 ===
=== puma startup: 2016-08-24 15:17:44 +0530 ===
=== puma startup: 2016-08-24 16:17:34 +0530 ===
=== puma startup: 2016-08-24 16:26:13 +0530 ===
=== puma startup: 2016-08-24 16:35:31 +0530 ===
=== puma startup: 2016-08-24 16:36:41 +0530 ===
=== puma startup: 2016-08-24 16:41:18 +0530 ===
=== puma startup: 2016-08-24 16:42:45 +0530 ===
=== puma startup: 2016-08-24 16:44:11 +0530 ===
=== puma startup: 2016-08-24 16:47:33 +0530 ===
=== puma startup: 2016-08-24 16:50:45 +0530 ===
=== puma startup: 2016-08-24 17:06:49 +0530 ===
=== puma startup: 2016-08-24 17:27:08 +0530 ===
=== puma startup: 2016-08-24 17:54:41 +0530 ===
=== puma startup: 2016-08-24 21:20:44 +0530 ===
=== puma startup: 2016-08-24 21:26:03 +0530 ===
=== puma startup: 2016-08-24 21:28:00 +0530 ===
=== puma startup: 2016-08-24 21:30:01 +0530 ===
=== puma startup: 2016-08-24 21:36:26 +0530 ===
=== puma startup: 2016-08-24 21:39:39 +0530 ===
=== puma startup: 2016-08-24 21:39:55 +0530 ===
=== puma startup: 2016-08-24 21:47:21 +0530 ===
=== puma startup: 2016-08-24 21:50:58 +0530 ===
=== puma startup: 2016-08-24 21:52:32 +0530 ===
=== puma startup: 2016-08-27 12:10:47 +0530 ===
=== puma startup: 2016-08-27 12:31:48 +0530 ===
=== puma startup: 2016-08-27 12:33:02 +0530 ===
=== puma startup: 2016-08-27 12:57:52 +0530 ===
=== puma startup: 2016-08-27 12:58:20 +0530 ===
=== puma startup: 2016-08-27 12:59:03 +0530 ===
=== puma startup: 2016-08-27 12:59:58 +0530 ===
=== puma startup: 2016-08-27 13:01:04 +0530 ===
=== puma startup: 2016-08-27 13:03:16 +0530 ===
=== puma startup: 2016-08-27 13:03:43 +0530 ===
=== puma startup: 2016-08-29 15:10:59 +0530 ===
=== puma startup: 2016-08-29 15:12:46 +0530 ===
=== puma startup: 2016-08-29 16:21:12 +0530 ===
=== puma startup: 2016-08-29 16:22:03 +0530 ===
=== puma startup: 2016-08-29 16:37:19 +0530 ===
=== puma startup: 2016-08-29 16:49:11 +0530 ===
=== puma startup: 2016-08-29 16:50:19 +0530 ===
=== puma startup: 2016-08-29 16:52:06 +0530 ===
=== puma startup: 2016-08-29 17:03:12 +0530 ===
=== puma startup: 2016-08-29 21:01:01 +0530 ===
=== puma startup: 2016-08-29 21:03:14 +0530 ===
=== puma startup: 2016-08-29 21:14:16 +0530 ===
=== puma startup: 2016-08-30 08:22:02 +0530 ===
=== puma startup: 2016-08-30 08:22:51 +0530 ===
=== puma startup: 2016-08-30 08:23:23 +0530 ===
=== puma startup: 2016-08-30 08:24:22 +0530 ===
=== puma startup: 2016-08-30 08:27:50 +0530 ===
=== puma startup: 2016-08-30 14:20:17 +0530 ===
=== puma startup: 2016-08-30 14:33:28 +0530 ===
=== puma startup: 2016-08-30 14:56:54 +0530 ===
=== puma startup: 2016-08-30 15:00:06 +0530 ===
=== puma startup: 2016-08-30 15:01:22 +0530 ===
=== puma startup: 2016-08-30 15:01:59 +0530 ===
=== puma startup: 2016-08-30 15:03:39 +0530 ===
=== puma startup: 2016-08-30 15:07:08 +0530 ===
=== puma startup: 2016-08-30 15:08:15 +0530 ===
=== puma startup: 2016-08-30 15:09:31 +0530 ===
=== puma startup: 2016-08-30 15:28:47 +0530 ===
=== puma startup: 2016-08-30 15:41:42 +0530 ===
=== puma startup: 2016-08-30 15:48:26 +0530 ===
=== puma startup: 2016-08-30 15:49:18 +0530 ===
=== puma startup: 2016-08-30 15:51:24 +0530 ===
=== puma startup: 2016-08-30 16:07:45 +0530 ===
=== puma startup: 2016-08-30 16:42:09 +0530 ===
=== puma startup: 2016-08-30 16:46:53 +0530 ===
=== puma startup: 2016-08-30 16:47:24 +0530 ===
=== puma startup: 2016-08-30 17:07:43 +0530 ===
=== puma startup: 2016-08-30 17:09:58 +0530 ===
/home/ubuntubk57/sure-crm-v-1/app/views/app_feature_requests/show.html.erb:182: warning: else without rescue is useless
/home/ubuntubk57/sure-crm-v-1/app/views/app_feature_requests/show.html.erb:182: warning: else without rescue is useless
/home/ubuntubk57/sure-crm-v-1/app/views/app_feature_requests/show.html.erb:182: warning: else without rescue is useless
/home/ubuntubk57/sure-crm-v-1/app/views/app_feature_requests/show.html.erb:182: warning: else without rescue is useless
=== puma startup: 2016-08-30 20:55:16 +0530 ===
=== puma startup: 2016-08-30 20:59:52 +0530 ===
=== puma startup: 2016-08-30 21:00:50 +0530 ===
=== puma startup: 2016-08-30 22:15:31 +0530 ===
=== puma startup: 2016-08-30 22:15:47 +0530 ===
=== puma startup: 2016-08-30 22:16:34 +0530 ===
=== puma startup: 2016-08-31 15:22:12 +0530 ===
=== puma startup: 2016-08-31 22:11:00 +0530 ===
=== puma startup: 2016-08-31 22:48:34 +0530 ===
=== puma startup: 2016-09-01 15:26:06 +0530 ===
=== puma startup: 2016-09-01 15:48:38 +0530 ===
=== puma startup: 2016-09-01 15:52:14 +0530 ===
=== puma startup: 2016-09-01 15:56:02 +0530 ===
=== puma startup: 2016-09-01 16:02:26 +0530 ===
=== puma startup: 2016-09-01 18:00:04 +0530 ===
=== puma startup: 2016-09-02 15:39:18 +0530 ===
=== puma startup: 2016-09-02 15:40:41 +0530 ===
=== puma startup: 2016-09-02 15:42:03 +0530 ===
=== puma startup: 2016-09-02 15:44:42 +0530 ===
=== puma startup: 2016-09-02 17:37:05 +0530 ===
=== puma startup: 2016-09-02 19:09:01 +0530 ===
=== puma startup: 2016-09-02 20:10:58 +0530 ===
=== puma startup: 2016-09-02 21:11:22 +0530 ===
=== puma startup: 2016-09-02 21:15:50 +0530 ===
=== puma startup: 2016-09-02 21:19:27 +0530 ===
=== puma startup: 2016-09-02 21:21:59 +0530 ===
=== puma startup: 2016-09-03 08:52:29 +0530 ===
=== puma startup: 2016-09-03 13:50:10 +0530 ===
=== puma startup: 2016-09-03 13:51:14 +0530 ===
=== puma startup: 2016-09-03 13:54:32 +0530 ===
=== puma startup: 2016-09-03 14:06:53 +0530 ===
=== puma startup: 2016-09-04 11:19:21 +0530 ===
=== puma startup: 2016-09-07 19:04:48 +0530 ===
=== puma startup: 2016-09-07 19:17:47 +0530 ===
=== puma startup: 2016-09-07 19:19:26 +0530 ===
=== puma startup: 2016-09-07 19:33:08 +0530 ===
=== puma startup: 2016-09-07 19:34:05 +0530 ===
=== puma startup: 2016-09-07 19:44:42 +0530 ===
/home/ubuntubk57/.rbenv/versions/2.2.3/lib/ruby/gems/2.2.0/gems/puma-3.4.0/lib/puma/server.rb:868:in `write': Broken pipe (Errno::EPIPE)
	from /home/ubuntubk57/.rbenv/versions/2.2.3/lib/ruby/gems/2.2.0/gems/puma-3.4.0/lib/puma/server.rb:868:in `<<'
	from /home/ubuntubk57/.rbenv/versions/2.2.3/lib/ruby/gems/2.2.0/gems/puma-3.4.0/lib/puma/server.rb:868:in `stop'
	from /home/ubuntubk57/.rbenv/versions/2.2.3/lib/ruby/gems/2.2.0/gems/puma-3.4.0/lib/puma/cluster.rb:242:in `block in worker'
	from /home/ubuntubk57/.rbenv/versions/2.2.3/lib/ruby/gems/2.2.0/gems/puma-3.4.0/lib/puma/cluster.rb:268:in `call'
	from /home/ubuntubk57/.rbenv/versions/2.2.3/lib/ruby/gems/2.2.0/gems/puma-3.4.0/lib/puma/cluster.rb:268:in `join'
	from /home/ubuntubk57/.rbenv/versions/2.2.3/lib/ruby/gems/2.2.0/gems/puma-3.4.0/lib/puma/cluster.rb:268:in `worker'
	from /home/ubuntubk57/.rbenv/versions/2.2.3/lib/ruby/gems/2.2.0/gems/puma-3.4.0/lib/puma/cluster.rb:120:in `block (2 levels) in spawn_workers'
	from /home/ubuntubk57/.rbenv/versions/2.2.3/lib/ruby/gems/2.2.0/gems/puma-3.4.0/lib/puma/cluster.rb:120:in `fork'
	from /home/ubuntubk57/.rbenv/versions/2.2.3/lib/ruby/gems/2.2.0/gems/puma-3.4.0/lib/puma/cluster.rb:120:in `block in spawn_workers'
	from /home/ubuntubk57/.rbenv/versions/2.2.3/lib/ruby/gems/2.2.0/gems/puma-3.4.0/lib/puma/cluster.rb:116:in `times'
	from /home/ubuntubk57/.rbenv/versions/2.2.3/lib/ruby/gems/2.2.0/gems/puma-3.4.0/lib/puma/cluster.rb:116:in `spawn_workers'
	from /home/ubuntubk57/.rbenv/versions/2.2.3/lib/ruby/gems/2.2.0/gems/puma-3.4.0/lib/puma/cluster.rb:424:in `run'
	from /home/ubuntubk57/.rbenv/versions/2.2.3/lib/ruby/gems/2.2.0/gems/puma-3.4.0/lib/puma/launcher.rb:172:in `run'
	from /home/ubuntubk57/.rbenv/versions/2.2.3/lib/ruby/gems/2.2.0/gems/puma-3.4.0/lib/puma/cli.rb:74:in `run'
	from /home/ubuntubk57/.rbenv/versions/2.2.3/lib/ruby/gems/2.2.0/gems/puma-3.4.0/bin/puma:10:in `<top (required)>'
	from /home/ubuntubk57/.rbenv/versions/2.2.3/bin/puma:23:in `load'
	from /home/ubuntubk57/.rbenv/versions/2.2.3/bin/puma:23:in `<top (required)>'
	from /home/ubuntubk57/.rbenv/versions/2.2.3/lib/ruby/gems/2.2.0/gems/bundler-1.12.5/lib/bundler/cli/exec.rb:63:in `load'
	from /home/ubuntubk57/.rbenv/versions/2.2.3/lib/ruby/gems/2.2.0/gems/bundler-1.12.5/lib/bundler/cli/exec.rb:63:in `kernel_load'
	from /home/ubuntubk57/.rbenv/versions/2.2.3/lib/ruby/gems/2.2.0/gems/bundler-1.12.5/lib/bundler/cli/exec.rb:24:in `run'
	from /home/ubuntubk57/.rbenv/versions/2.2.3/lib/ruby/gems/2.2.0/gems/bundler-1.12.5/lib/bundler/cli.rb:304:in `exec'
	from /home/ubuntubk57/.rbenv/versions/2.2.3/lib/ruby/gems/2.2.0/gems/bundler-1.12.5/lib/bundler/vendor/thor/lib/thor/command.rb:27:in `run'
	from /home/ubuntubk57/.rbenv/versions/2.2.3/lib/ruby/gems/2.2.0/gems/bundler-1.12.5/lib/bundler/vendor/thor/lib/thor/invocation.rb:126:in `invoke_command'
	from /home/ubuntubk57/.rbenv/versions/2.2.3/lib/ruby/gems/2.2.0/gems/bundler-1.12.5/lib/bundler/vendor/thor/lib/thor.rb:359:in `dispatch'
	from /home/ubuntubk57/.rbenv/versions/2.2.3/lib/ruby/gems/2.2.0/gems/bundler-1.12.5/lib/bundler/vendor/thor/lib/thor/base.rb:440:in `start'
	from /home/ubuntubk57/.rbenv/versions/2.2.3/lib/ruby/gems/2.2.0/gems/bundler-1.12.5/lib/bundler/cli.rb:11:in `start'
	from /home/ubuntubk57/.rbenv/versions/2.2.3/lib/ruby/gems/2.2.0/gems/bundler-1.12.5/exe/bundle:27:in `block in <top (required)>'
	from /home/ubuntubk57/.rbenv/versions/2.2.3/lib/ruby/gems/2.2.0/gems/bundler-1.12.5/lib/bundler/friendly_errors.rb:98:in `with_friendly_errors'
	from /home/ubuntubk57/.rbenv/versions/2.2.3/lib/ruby/gems/2.2.0/gems/bundler-1.12.5/exe/bundle:19:in `<top (required)>'
	from /home/ubuntubk57/.rbenv/versions/2.2.3/bin/bundle:23:in `load'
	from /home/ubuntubk57/.rbenv/versions/2.2.3/bin/bundle:23:in `<main>'
=== puma startup: 2016-09-07 19:45:44 +0530 ===
=== puma startup: 2016-09-07 19:47:08 +0530 ===
=== puma startup: 2016-09-07 19:47:50 +0530 ===
=== puma startup: 2016-09-09 15:33:10 +0530 ===
=== puma startup: 2016-09-12 20:32:35 +0530 ===
=== puma startup: 2016-09-12 20:46:24 +0530 ===
=== puma startup: 2016-09-13 08:12:42 +0530 ===
=== puma startup: 2016-09-13 08:23:52 +0530 ===
=== puma startup: 2016-09-14 12:30:59 +0530 ===
=== puma startup: 2016-09-14 13:31:37 +0530 ===
=== puma startup: 2016-09-14 14:16:54 +0530 ===
=== puma startup: 2016-09-14 14:39:51 +0530 ===
=== puma startup: 2016-09-14 17:47:18 +0530 ===
=== puma startup: 2016-09-14 18:04:38 +0530 ===
=== puma startup: 2016-09-15 12:38:48 +0530 ===
=== puma startup: 2016-09-15 12:49:55 +0530 ===
=== puma startup: 2016-09-15 12:50:58 +0530 ===
=== puma startup: 2016-09-15 12:51:47 +0530 ===
tail: shared/log/puma.stderr.log: invalid number of lines
tail: shared/log/puma.stdout.log: invalid number of lines
tail: log/development.log: invalid number of lines
=== puma startup: 2016-09-15 12:55:44 +0530 ===
=== puma startup: 2016-09-15 12:56:20 +0530 ===
=== puma startup: 2016-09-15 12:57:24 +0530 ===
=== puma startup: 2016-09-15 12:59:35 +0530 ===
=== puma startup: 2016-09-15 13:01:09 +0530 ===
=== puma startup: 2016-09-15 13:02:46 +0530 ===
=== puma startup: 2016-09-15 13:13:10 +0530 ===
=== puma startup: 2016-09-15 18:52:11 +0530 ===
=== puma startup: 2016-09-15 18:59:40 +0530 ===
=== puma startup: 2016-09-15 21:12:18 +0530 ===
=== puma startup: 2016-09-16 09:35:39 +0530 ===
=== puma startup: 2016-09-16 09:36:10 +0530 ===
=== puma startup: 2016-09-16 12:15:24 +0530 ===
=== puma startup: 2016-09-16 12:19:54 +0530 ===
=== puma startup: 2016-09-16 12:20:33 +0530 ===
=== puma startup: 2016-09-16 12:21:30 +0530 ===
=== puma startup: 2016-09-16 12:45:36 +0530 ===
=== puma startup: 2016-09-16 12:53:57 +0530 ===
=== puma startup: 2016-09-16 12:55:20 +0530 ===
=== puma startup: 2016-09-16 12:56:32 +0530 ===
=== puma startup: 2016-09-16 13:00:05 +0530 ===
=== puma startup: 2016-09-16 13:00:49 +0530 ===
=== puma startup: 2016-09-16 13:01:01 +0530 ===
=== puma startup: 2016-09-16 13:01:18 +0530 ===
=== puma startup: 2016-09-16 13:02:11 +0530 ===
=== puma startup: 2016-09-16 13:05:58 +0530 ===
=== puma startup: 2016-09-16 13:20:34 +0530 ===
=== puma startup: 2016-09-16 13:31:11 +0530 ===
=== puma startup: 2016-09-16 13:36:05 +0530 ===
=== puma startup: 2016-09-16 13:36:58 +0530 ===
=== puma startup: 2016-09-16 13:37:48 +0530 ===
=== puma startup: 2016-09-16 13:40:22 +0530 ===
=== puma startup: 2016-09-16 16:28:42 +0530 ===
=== puma startup: 2016-09-16 16:40:47 +0530 ===
=== puma startup: 2016-09-16 19:30:01 +0530 ===
=== puma startup: 2016-09-19 15:01:16 +0530 ===
=== puma startup: 2016-09-19 15:02:45 +0530 ===
=== puma startup: 2016-09-19 15:02:51 +0530 ===
tail: shared/log/puma.stderr.log: invalid number of lines
tail: shared/log/puma.stdout.log: invalid number of lines
tail: log/development.log: invalid number of lines
tail: shared/log/puma.stderr.log: invalid number of lines
tail: shared/log/puma.stdout.log: invalid number of lines
tail: log/development.log: invalid number of lines
=== puma startup: 2016-09-19 18:13:22 +0530 ===
=== puma startup: 2016-09-19 21:04:19 +0530 ===
=== puma startup: 2016-09-19 21:07:48 +0530 ===
=== puma startup: 2016-09-20 14:19:53 +0530 ===
=== puma startup: 2016-09-20 14:34:36 +0530 ===
=== puma startup: 2016-09-20 15:04:07 +0530 ===
=== puma startup: 2016-09-20 15:16:41 +0530 ===
=== puma startup: 2016-09-20 15:16:47 +0530 ===
=== puma startup: 2016-09-20 15:18:38 +0530 ===
=== puma startup: 2016-09-20 15:42:52 +0530 ===
=== puma startup: 2016-09-20 16:32:16 +0530 ===
=== puma startup: 2016-09-20 16:33:34 +0530 ===
=== puma startup: 2016-09-20 19:49:25 +0530 ===
=== puma startup: 2016-09-20 19:52:10 +0530 ===
=== puma startup: 2016-09-20 20:43:20 +0530 ===
=== puma startup: 2016-09-20 20:45:39 +0530 ===
=== puma startup: 2016-09-20 20:53:55 +0530 ===
=== puma startup: 2016-09-20 20:56:13 +0530 ===
=== puma startup: 2016-09-20 20:57:46 +0530 ===
=== puma startup: 2016-09-20 21:00:49 +0530 ===
=== puma startup: 2016-09-20 21:02:38 +0530 ===
=== puma startup: 2016-09-20 21:04:38 +0530 ===
=== puma startup: 2016-09-20 21:10:13 +0530 ===
=== puma startup: 2016-09-20 21:32:47 +0530 ===
=== puma startup: 2016-09-21 08:15:30 +0530 ===
=== puma startup: 2016-09-21 08:22:56 +0530 ===
=== puma startup: 2016-09-21 08:26:16 +0530 ===
=== puma startup: 2016-09-21 13:12:00 +0530 ===
=== puma startup: 2016-09-21 15:05:20 +0530 ===
=== puma startup: 2016-09-21 15:35:47 +0530 ===
=== puma startup: 2016-09-21 18:56:38 +0530 ===
=== puma startup: 2016-09-23 13:15:06 +0530 ===
=== puma startup: 2016-09-23 13:15:42 +0530 ===
=== puma startup: 2016-09-23 13:17:20 +0530 ===
=== puma startup: 2016-09-23 18:14:59 +0530 ===
=== puma startup: 2016-09-23 19:02:22 +0530 ===
=== puma startup: 2016-09-23 19:22:52 +0530 ===
tail: shared/log/puma.stderr.log: invalid number of lines
tail: shared/log/puma.stdout.log: invalid number of lines
tail: log/development.log: invalid number of lines
=== puma startup: 2016-09-25 15:12:01 +0530 ===
=== puma startup: 2016-09-25 15:24:19 +0530 ===
=== puma startup: 2016-09-25 15:40:51 +0530 ===
=== puma startup: 2016-09-25 15:43:02 +0530 ===
=== puma startup: 2016-09-25 16:01:40 +0530 ===
=== puma startup: 2016-09-25 17:47:40 +0530 ===
=== puma startup: 2016-09-25 21:44:10 +0530 ===
=== puma startup: 2016-09-25 21:46:49 +0530 ===
=== puma startup: 2016-09-25 21:50:15 +0530 ===
=== puma startup: 2016-09-25 22:02:43 +0530 ===
=== puma startup: 2016-09-25 22:15:24 +0530 ===
=== puma startup: 2016-09-25 22:17:48 +0530 ===
=== puma startup: 2016-09-26 18:05:43 +0530 ===
=== puma startup: 2016-09-26 18:05:49 +0530 ===
=== puma startup: 2016-09-26 18:27:08 +0530 ===
=== puma startup: 2016-09-26 18:27:21 +0530 ===
=== puma startup: 2016-09-27 17:42:18 +0530 ===
=== puma startup: 2016-09-28 17:12:37 +0530 ===
=== puma startup: 2016-09-28 18:30:26 +0530 ===
=== puma startup: 2016-09-29 07:52:44 +0530 ===
=== puma startup: 2016-09-29 08:28:16 +0530 ===
=== puma startup: 2016-09-29 08:29:39 +0530 ===
=== puma startup: 2016-09-29 09:23:57 +0530 ===
=== puma startup: 2016-09-29 09:40:01 +0530 ===
=== puma startup: 2016-09-29 11:54:48 +0530 ===
=== puma startup: 2016-09-29 11:58:09 +0530 ===
=== puma startup: 2016-09-29 12:01:50 +0530 ===
=== puma startup: 2016-09-29 12:02:56 +0530 ===
=== puma startup: 2016-09-29 12:06:59 +0530 ===
=== puma startup: 2016-09-29 12:18:06 +0530 ===
2016-09-29 18:03:42 - ActiveRecord::RecordNotFound - Couldn't find Delayed::Backend::ActiveRecord::Job with 'id'=4224781:
	/home/ubuntubk57/.rbenv/versions/2.2.3/lib/ruby/gems/2.2.0/gems/activerecord-4.2.1/lib/active_record/core.rb:155:in `find'
	/home/ubuntubk57/.rbenv/versions/2.2.3/lib/ruby/gems/2.2.0/gems/delayed_job_web-1.2.10/lib/delayed_job_web/application/app.rb:132:in `block in <class:DelayedJobWeb>'
	/home/ubuntubk57/.rbenv/versions/2.2.3/lib/ruby/gems/2.2.0/gems/sinatra-1.4.7/lib/sinatra/base.rb:1611:in `call'
	/home/ubuntubk57/.rbenv/versions/2.2.3/lib/ruby/gems/2.2.0/gems/sinatra-1.4.7/lib/sinatra/base.rb:1611:in `block in compile!'
	/home/ubuntubk57/.rbenv/versions/2.2.3/lib/ruby/gems/2.2.0/gems/sinatra-1.4.7/lib/sinatra/base.rb:975:in `[]'
	/home/ubuntubk57/.rbenv/versions/2.2.3/lib/ruby/gems/2.2.0/gems/sinatra-1.4.7/lib/sinatra/base.rb:975:in `block (3 levels) in route!'
	/home/ubuntubk57/.rbenv/versions/2.2.3/lib/ruby/gems/2.2.0/gems/sinatra-1.4.7/lib/sinatra/base.rb:994:in `route_eval'
	/home/ubuntubk57/.rbenv/versions/2.2.3/lib/ruby/gems/2.2.0/gems/sinatra-1.4.7/lib/sinatra/base.rb:975:in `block (2 levels) in route!'
	/home/ubuntubk57/.rbenv/versions/2.2.3/lib/ruby/gems/2.2.0/gems/sinatra-1.4.7/lib/sinatra/base.rb:1015:in `block in process_route'
	/home/ubuntubk57/.rbenv/versions/2.2.3/lib/ruby/gems/2.2.0/gems/sinatra-1.4.7/lib/sinatra/base.rb:1013:in `catch'
	/home/ubuntubk57/.rbenv/versions/2.2.3/lib/ruby/gems/2.2.0/gems/sinatra-1.4.7/lib/sinatra/base.rb:1013:in `process_route'
	/home/ubuntubk57/.rbenv/versions/2.2.3/lib/ruby/gems/2.2.0/gems/sinatra-1.4.7/lib/sinatra/base.rb:973:in `block in route!'
	/home/ubuntubk57/.rbenv/versions/2.2.3/lib/ruby/gems/2.2.0/gems/sinatra-1.4.7/lib/sinatra/base.rb:972:in `each'
	/home/ubuntubk57/.rbenv/versions/2.2.3/lib/ruby/gems/2.2.0/gems/sinatra-1.4.7/lib/sinatra/base.rb:972:in `route!'
	/home/ubuntubk57/.rbenv/versions/2.2.3/lib/ruby/gems/2.2.0/gems/sinatra-1.4.7/lib/sinatra/base.rb:1085:in `block in dispatch!'
	/home/ubuntubk57/.rbenv/versions/2.2.3/lib/ruby/gems/2.2.0/gems/sinatra-1.4.7/lib/sinatra/base.rb:1067:in `block in invoke'
	/home/ubuntubk57/.rbenv/versions/2.2.3/lib/ruby/gems/2.2.0/gems/sinatra-1.4.7/lib/sinatra/base.rb:1067:in `catch'
	/home/ubuntubk57/.rbenv/versions/2.2.3/lib/ruby/gems/2.2.0/gems/sinatra-1.4.7/lib/sinatra/base.rb:1067:in `invoke'
	/home/ubuntubk57/.rbenv/versions/2.2.3/lib/ruby/gems/2.2.0/gems/sinatra-1.4.7/lib/sinatra/base.rb:1082:in `dispatch!'
	/home/ubuntubk57/.rbenv/versions/2.2.3/lib/ruby/gems/2.2.0/gems/sinatra-1.4.7/lib/sinatra/base.rb:907:in `block in call!'
	/home/ubuntubk57/.rbenv/versions/2.2.3/lib/ruby/gems/2.2.0/gems/sinatra-1.4.7/lib/sinatra/base.rb:1067:in `block in invoke'
	/home/ubuntubk57/.rbenv/versions/2.2.3/lib/ruby/gems/2.2.0/gems/sinatra-1.4.7/lib/sinatra/base.rb:1067:in `catch'
	/home/ubuntubk57/.rbenv/versions/2.2.3/lib/ruby/gems/2.2.0/gems/sinatra-1.4.7/lib/sinatra/base.rb:1067:in `invoke'
	/home/ubuntubk57/.rbenv/versions/2.2.3/lib/ruby/gems/2.2.0/gems/sinatra-1.4.7/lib/sinatra/base.rb:907:in `call!'
	/home/ubuntubk57/.rbenv/versions/2.2.3/lib/ruby/gems/2.2.0/gems/sinatra-1.4.7/lib/sinatra/base.rb:895:in `call'
	/home/ubuntubk57/.rbenv/versions/2.2.3/lib/ruby/gems/2.2.0/gems/rack-protection-1.5.3/lib/rack/protection/xss_header.rb:18:in `call'
	/home/ubuntubk57/.rbenv/versions/2.2.3/lib/ruby/gems/2.2.0/gems/rack-protection-1.5.3/lib/rack/protection/base.rb:49:in `call'
	/home/ubuntubk57/.rbenv/versions/2.2.3/lib/ruby/gems/2.2.0/gems/rack-protection-1.5.3/lib/rack/protection/base.rb:49:in `call'
	/home/ubuntubk57/.rbenv/versions/2.2.3/lib/ruby/gems/2.2.0/gems/rack-protection-1.5.3/lib/rack/protection/path_traversal.rb:16:in `call'
	/home/ubuntubk57/.rbenv/versions/2.2.3/lib/ruby/gems/2.2.0/gems/rack-protection-1.5.3/lib/rack/protection/json_csrf.rb:18:in `call'
	/home/ubuntubk57/.rbenv/versions/2.2.3/lib/ruby/gems/2.2.0/gems/rack-protection-1.5.3/lib/rack/protection/base.rb:49:in `call'
	/home/ubuntubk57/.rbenv/versions/2.2.3/lib/ruby/gems/2.2.0/gems/rack-protection-1.5.3/lib/rack/protection/base.rb:49:in `call'
	/home/ubuntubk57/.rbenv/versions/2.2.3/lib/ruby/gems/2.2.0/gems/rack-protection-1.5.3/lib/rack/protection/frame_options.rb:31:in `call'
	/home/ubuntubk57/.rbenv/versions/2.2.3/lib/ruby/gems/2.2.0/gems/rack-protection-1.5.3/lib/rack/protection/base.rb:49:in `call'
	/home/ubuntubk57/.rbenv/versions/2.2.3/lib/ruby/gems/2.2.0/gems/rack-protection-1.5.3/lib/rack/protection/base.rb:49:in `call'
	/home/ubuntubk57/.rbenv/versions/2.2.3/lib/ruby/gems/2.2.0/gems/rack-1.6.4/lib/rack/nulllogger.rb:9:in `call'
	/home/ubuntubk57/.rbenv/versions/2.2.3/lib/ruby/gems/2.2.0/gems/rack-1.6.4/lib/rack/head.rb:13:in `call'
	/home/ubuntubk57/.rbenv/versions/2.2.3/lib/ruby/gems/2.2.0/gems/sinatra-1.4.7/lib/sinatra/base.rb:182:in `call'
	/home/ubuntubk57/.rbenv/versions/2.2.3/lib/ruby/gems/2.2.0/gems/sinatra-1.4.7/lib/sinatra/base.rb:2013:in `call'
	/home/ubuntubk57/.rbenv/versions/2.2.3/lib/ruby/gems/2.2.0/gems/sinatra-1.4.7/lib/sinatra/base.rb:1487:in `block in call'
	/home/ubuntubk57/.rbenv/versions/2.2.3/lib/ruby/gems/2.2.0/gems/sinatra-1.4.7/lib/sinatra/base.rb:1787:in `synchronize'
	/home/ubuntubk57/.rbenv/versions/2.2.3/lib/ruby/gems/2.2.0/gems/sinatra-1.4.7/lib/sinatra/base.rb:1487:in `call'
	/home/ubuntubk57/.rbenv/versions/2.2.3/lib/ruby/gems/2.2.0/gems/actionpack-4.2.1/lib/action_dispatch/routing/mapper.rb:51:in `serve'
	/home/ubuntubk57/.rbenv/versions/2.2.3/lib/ruby/gems/2.2.0/gems/actionpack-4.2.1/lib/action_dispatch/journey/router.rb:43:in `block in serve'
	/home/ubuntubk57/.rbenv/versions/2.2.3/lib/ruby/gems/2.2.0/gems/actionpack-4.2.1/lib/action_dispatch/journey/router.rb:30:in `each'
	/home/ubuntubk57/.rbenv/versions/2.2.3/lib/ruby/gems/2.2.0/gems/actionpack-4.2.1/lib/action_dispatch/journey/router.rb:30:in `serve'
	/home/ubuntubk57/.rbenv/versions/2.2.3/lib/ruby/gems/2.2.0/gems/actionpack-4.2.1/lib/action_dispatch/routing/route_set.rb:819:in `call'
	/home/ubuntubk57/.rbenv/versions/2.2.3/lib/ruby/gems/2.2.0/gems/client_side_validations-4.2.4/lib/client_side_validations/middleware.rb:15:in `call'
	/home/ubuntubk57/.rbenv/versions/2.2.3/lib/ruby/gems/2.2.0/gems/warden-1.2.6/lib/warden/manager.rb:35:in `block in call'
	/home/ubuntubk57/.rbenv/versions/2.2.3/lib/ruby/gems/2.2.0/gems/warden-1.2.6/lib/warden/manager.rb:34:in `catch'
	/home/ubuntubk57/.rbenv/versions/2.2.3/lib/ruby/gems/2.2.0/gems/warden-1.2.6/lib/warden/manager.rb:34:in `call'
	/home/ubuntubk57/.rbenv/versions/2.2.3/lib/ruby/gems/2.2.0/gems/rack-1.6.4/lib/rack/etag.rb:24:in `call'
	/home/ubuntubk57/.rbenv/versions/2.2.3/lib/ruby/gems/2.2.0/gems/rack-1.6.4/lib/rack/conditionalget.rb:38:in `call'
	/home/ubuntubk57/.rbenv/versions/2.2.3/lib/ruby/gems/2.2.0/gems/rack-1.6.4/lib/rack/head.rb:13:in `call'
	/home/ubuntubk57/.rbenv/versions/2.2.3/lib/ruby/gems/2.2.0/gems/actionpack-4.2.1/lib/action_dispatch/middleware/params_parser.rb:27:in `call'
	/home/ubuntubk57/.rbenv/versions/2.2.3/lib/ruby/gems/2.2.0/gems/actionpack-4.2.1/lib/action_dispatch/middleware/flash.rb:260:in `call'
	/home/ubuntubk57/.rbenv/versions/2.2.3/lib/ruby/gems/2.2.0/gems/rack-1.6.4/lib/rack/session/abstract/id.rb:225:in `context'
	/home/ubuntubk57/.rbenv/versions/2.2.3/lib/ruby/gems/2.2.0/gems/rack-1.6.4/lib/rack/session/abstract/id.rb:220:in `call'
	/home/ubuntubk57/.rbenv/versions/2.2.3/lib/ruby/gems/2.2.0/gems/actionpack-4.2.1/lib/action_dispatch/middleware/cookies.rb:560:in `call'
	/home/ubuntubk57/.rbenv/versions/2.2.3/lib/ruby/gems/2.2.0/gems/activerecord-4.2.1/lib/active_record/query_cache.rb:36:in `call'
	/home/ubuntubk57/.rbenv/versions/2.2.3/lib/ruby/gems/2.2.0/gems/activerecord-4.2.1/lib/active_record/connection_adapters/abstract/connection_pool.rb:649:in `call'
	/home/ubuntubk57/.rbenv/versions/2.2.3/lib/ruby/gems/2.2.0/gems/actionpack-4.2.1/lib/action_dispatch/middleware/callbacks.rb:29:in `block in call'
	/home/ubuntubk57/.rbenv/versions/2.2.3/lib/ruby/gems/2.2.0/gems/activesupport-4.2.1/lib/active_support/callbacks.rb:88:in `call'
	/home/ubuntubk57/.rbenv/versions/2.2.3/lib/ruby/gems/2.2.0/gems/activesupport-4.2.1/lib/active_support/callbacks.rb:88:in `_run_callbacks'
	/home/ubuntubk57/.rbenv/versions/2.2.3/lib/ruby/gems/2.2.0/gems/activesupport-4.2.1/lib/active_support/callbacks.rb:776:in `_run_call_callbacks'
	/home/ubuntubk57/.rbenv/versions/2.2.3/lib/ruby/gems/2.2.0/gems/activesupport-4.2.1/lib/active_support/callbacks.rb:81:in `run_callbacks'
	/home/ubuntubk57/.rbenv/versions/2.2.3/lib/ruby/gems/2.2.0/gems/actionpack-4.2.1/lib/action_dispatch/middleware/callbacks.rb:27:in `call'
	/home/ubuntubk57/.rbenv/versions/2.2.3/lib/ruby/gems/2.2.0/gems/actionpack-4.2.1/lib/action_dispatch/middleware/remote_ip.rb:78:in `call'
	/home/ubuntubk57/.rbenv/versions/2.2.3/lib/ruby/gems/2.2.0/gems/actionpack-4.2.1/lib/action_dispatch/middleware/debug_exceptions.rb:17:in `call'
	/home/ubuntubk57/.rbenv/versions/2.2.3/lib/ruby/gems/2.2.0/gems/actionpack-4.2.1/lib/action_dispatch/middleware/show_exceptions.rb:30:in `call'
	/home/ubuntubk57/.rbenv/versions/2.2.3/lib/ruby/gems/2.2.0/gems/railties-4.2.1/lib/rails/rack/logger.rb:38:in `call_app'
	/home/ubuntubk57/.rbenv/versions/2.2.3/lib/ruby/gems/2.2.0/gems/railties-4.2.1/lib/rails/rack/logger.rb:20:in `block in call'
	/home/ubuntubk57/.rbenv/versions/2.2.3/lib/ruby/gems/2.2.0/gems/activesupport-4.2.1/lib/active_support/tagged_logging.rb:68:in `block in tagged'
	/home/ubuntubk57/.rbenv/versions/2.2.3/lib/ruby/gems/2.2.0/gems/activesupport-4.2.1/lib/active_support/tagged_logging.rb:26:in `tagged'
	/home/ubuntubk57/.rbenv/versions/2.2.3/lib/ruby/gems/2.2.0/gems/activesupport-4.2.1/lib/active_support/tagged_logging.rb:68:in `tagged'
	/home/ubuntubk57/.rbenv/versions/2.2.3/lib/ruby/gems/2.2.0/gems/railties-4.2.1/lib/rails/rack/logger.rb:20:in `call'
	/home/ubuntubk57/.rbenv/versions/2.2.3/lib/ruby/gems/2.2.0/gems/actionpack-4.2.1/lib/action_dispatch/middleware/request_id.rb:21:in `call'
	/home/ubuntubk57/.rbenv/versions/2.2.3/lib/ruby/gems/2.2.0/gems/rack-1.6.4/lib/rack/methodoverride.rb:22:in `call'
	/home/ubuntubk57/.rbenv/versions/2.2.3/lib/ruby/gems/2.2.0/gems/rack-1.6.4/lib/rack/runtime.rb:18:in `call'
	/home/ubuntubk57/.rbenv/versions/2.2.3/lib/ruby/gems/2.2.0/gems/activesupport-4.2.1/lib/active_support/cache/strategy/local_cache_middleware.rb:28:in `call'
	/home/ubuntubk57/.rbenv/versions/2.2.3/lib/ruby/gems/2.2.0/gems/actionpack-4.2.1/lib/action_dispatch/middleware/static.rb:113:in `call'
	/home/ubuntubk57/.rbenv/versions/2.2.3/lib/ruby/gems/2.2.0/gems/rack-1.6.4/lib/rack/sendfile.rb:113:in `call'
	/home/ubuntubk57/.rbenv/versions/2.2.3/lib/ruby/gems/2.2.0/gems/railties-4.2.1/lib/rails/engine.rb:518:in `call'
	/home/ubuntubk57/.rbenv/versions/2.2.3/lib/ruby/gems/2.2.0/gems/railties-4.2.1/lib/rails/application.rb:164:in `call'
	/home/ubuntubk57/.rbenv/versions/2.2.3/lib/ruby/gems/2.2.0/gems/puma-3.4.0/lib/puma/configuration.rb:224:in `call'
	/home/ubuntubk57/.rbenv/versions/2.2.3/lib/ruby/gems/2.2.0/gems/puma-3.4.0/lib/puma/server.rb:569:in `handle_request'
	/home/ubuntubk57/.rbenv/versions/2.2.3/lib/ruby/gems/2.2.0/gems/puma-3.4.0/lib/puma/server.rb:406:in `process_client'
	/home/ubuntubk57/.rbenv/versions/2.2.3/lib/ruby/gems/2.2.0/gems/puma-3.4.0/lib/puma/server.rb:271:in `block in run'
	/home/ubuntubk57/.rbenv/versions/2.2.3/lib/ruby/gems/2.2.0/gems/puma-3.4.0/lib/puma/thread_pool.rb:114:in `call'
	/home/ubuntubk57/.rbenv/versions/2.2.3/lib/ruby/gems/2.2.0/gems/puma-3.4.0/lib/puma/thread_pool.rb:114:in `block in spawn_thread'
2016-09-29 18:04:02 - ActiveRecord::RecordNotFound - Couldn't find Delayed::Backend::ActiveRecord::Job with 'id'=4224783:
	/home/ubuntubk57/.rbenv/versions/2.2.3/lib/ruby/gems/2.2.0/gems/activerecord-4.2.1/lib/active_record/core.rb:155:in `find'
	/home/ubuntubk57/.rbenv/versions/2.2.3/lib/ruby/gems/2.2.0/gems/delayed_job_web-1.2.10/lib/delayed_job_web/application/app.rb:132:in `block in <class:DelayedJobWeb>'
	/home/ubuntubk57/.rbenv/versions/2.2.3/lib/ruby/gems/2.2.0/gems/sinatra-1.4.7/lib/sinatra/base.rb:1611:in `call'
	/home/ubuntubk57/.rbenv/versions/2.2.3/lib/ruby/gems/2.2.0/gems/sinatra-1.4.7/lib/sinatra/base.rb:1611:in `block in compile!'
	/home/ubuntubk57/.rbenv/versions/2.2.3/lib/ruby/gems/2.2.0/gems/sinatra-1.4.7/lib/sinatra/base.rb:975:in `[]'
	/home/ubuntubk57/.rbenv/versions/2.2.3/lib/ruby/gems/2.2.0/gems/sinatra-1.4.7/lib/sinatra/base.rb:975:in `block (3 levels) in route!'
	/home/ubuntubk57/.rbenv/versions/2.2.3/lib/ruby/gems/2.2.0/gems/sinatra-1.4.7/lib/sinatra/base.rb:994:in `route_eval'
	/home/ubuntubk57/.rbenv/versions/2.2.3/lib/ruby/gems/2.2.0/gems/sinatra-1.4.7/lib/sinatra/base.rb:975:in `block (2 levels) in route!'
	/home/ubuntubk57/.rbenv/versions/2.2.3/lib/ruby/gems/2.2.0/gems/sinatra-1.4.7/lib/sinatra/base.rb:1015:in `block in process_route'
	/home/ubuntubk57/.rbenv/versions/2.2.3/lib/ruby/gems/2.2.0/gems/sinatra-1.4.7/lib/sinatra/base.rb:1013:in `catch'
	/home/ubuntubk57/.rbenv/versions/2.2.3/lib/ruby/gems/2.2.0/gems/sinatra-1.4.7/lib/sinatra/base.rb:1013:in `process_route'
	/home/ubuntubk57/.rbenv/versions/2.2.3/lib/ruby/gems/2.2.0/gems/sinatra-1.4.7/lib/sinatra/base.rb:973:in `block in route!'
	/home/ubuntubk57/.rbenv/versions/2.2.3/lib/ruby/gems/2.2.0/gems/sinatra-1.4.7/lib/sinatra/base.rb:972:in `each'
	/home/ubuntubk57/.rbenv/versions/2.2.3/lib/ruby/gems/2.2.0/gems/sinatra-1.4.7/lib/sinatra/base.rb:972:in `route!'
	/home/ubuntubk57/.rbenv/versions/2.2.3/lib/ruby/gems/2.2.0/gems/sinatra-1.4.7/lib/sinatra/base.rb:1085:in `block in dispatch!'
	/home/ubuntubk57/.rbenv/versions/2.2.3/lib/ruby/gems/2.2.0/gems/sinatra-1.4.7/lib/sinatra/base.rb:1067:in `block in invoke'
	/home/ubuntubk57/.rbenv/versions/2.2.3/lib/ruby/gems/2.2.0/gems/sinatra-1.4.7/lib/sinatra/base.rb:1067:in `catch'
	/home/ubuntubk57/.rbenv/versions/2.2.3/lib/ruby/gems/2.2.0/gems/sinatra-1.4.7/lib/sinatra/base.rb:1067:in `invoke'
	/home/ubuntubk57/.rbenv/versions/2.2.3/lib/ruby/gems/2.2.0/gems/sinatra-1.4.7/lib/sinatra/base.rb:1082:in `dispatch!'
	/home/ubuntubk57/.rbenv/versions/2.2.3/lib/ruby/gems/2.2.0/gems/sinatra-1.4.7/lib/sinatra/base.rb:907:in `block in call!'
	/home/ubuntubk57/.rbenv/versions/2.2.3/lib/ruby/gems/2.2.0/gems/sinatra-1.4.7/lib/sinatra/base.rb:1067:in `block in invoke'
	/home/ubuntubk57/.rbenv/versions/2.2.3/lib/ruby/gems/2.2.0/gems/sinatra-1.4.7/lib/sinatra/base.rb:1067:in `catch'
	/home/ubuntubk57/.rbenv/versions/2.2.3/lib/ruby/gems/2.2.0/gems/sinatra-1.4.7/lib/sinatra/base.rb:1067:in `invoke'
	/home/ubuntubk57/.rbenv/versions/2.2.3/lib/ruby/gems/2.2.0/gems/sinatra-1.4.7/lib/sinatra/base.rb:907:in `call!'
	/home/ubuntubk57/.rbenv/versions/2.2.3/lib/ruby/gems/2.2.0/gems/sinatra-1.4.7/lib/sinatra/base.rb:895:in `call'
	/home/ubuntubk57/.rbenv/versions/2.2.3/lib/ruby/gems/2.2.0/gems/rack-protection-1.5.3/lib/rack/protection/xss_header.rb:18:in `call'
	/home/ubuntubk57/.rbenv/versions/2.2.3/lib/ruby/gems/2.2.0/gems/rack-protection-1.5.3/lib/rack/protection/base.rb:49:in `call'
	/home/ubuntubk57/.rbenv/versions/2.2.3/lib/ruby/gems/2.2.0/gems/rack-protection-1.5.3/lib/rack/protection/base.rb:49:in `call'
	/home/ubuntubk57/.rbenv/versions/2.2.3/lib/ruby/gems/2.2.0/gems/rack-protection-1.5.3/lib/rack/protection/path_traversal.rb:16:in `call'
	/home/ubuntubk57/.rbenv/versions/2.2.3/lib/ruby/gems/2.2.0/gems/rack-protection-1.5.3/lib/rack/protection/json_csrf.rb:18:in `call'
	/home/ubuntubk57/.rbenv/versions/2.2.3/lib/ruby/gems/2.2.0/gems/rack-protection-1.5.3/lib/rack/protection/base.rb:49:in `call'
	/home/ubuntubk57/.rbenv/versions/2.2.3/lib/ruby/gems/2.2.0/gems/rack-protection-1.5.3/lib/rack/protection/base.rb:49:in `call'
	/home/ubuntubk57/.rbenv/versions/2.2.3/lib/ruby/gems/2.2.0/gems/rack-protection-1.5.3/lib/rack/protection/frame_options.rb:31:in `call'
	/home/ubuntubk57/.rbenv/versions/2.2.3/lib/ruby/gems/2.2.0/gems/rack-protection-1.5.3/lib/rack/protection/base.rb:49:in `call'
	/home/ubuntubk57/.rbenv/versions/2.2.3/lib/ruby/gems/2.2.0/gems/rack-protection-1.5.3/lib/rack/protection/base.rb:49:in `call'
	/home/ubuntubk57/.rbenv/versions/2.2.3/lib/ruby/gems/2.2.0/gems/rack-1.6.4/lib/rack/nulllogger.rb:9:in `call'
	/home/ubuntubk57/.rbenv/versions/2.2.3/lib/ruby/gems/2.2.0/gems/rack-1.6.4/lib/rack/head.rb:13:in `call'
	/home/ubuntubk57/.rbenv/versions/2.2.3/lib/ruby/gems/2.2.0/gems/sinatra-1.4.7/lib/sinatra/base.rb:182:in `call'
	/home/ubuntubk57/.rbenv/versions/2.2.3/lib/ruby/gems/2.2.0/gems/sinatra-1.4.7/lib/sinatra/base.rb:2013:in `call'
	/home/ubuntubk57/.rbenv/versions/2.2.3/lib/ruby/gems/2.2.0/gems/sinatra-1.4.7/lib/sinatra/base.rb:1487:in `block in call'
	/home/ubuntubk57/.rbenv/versions/2.2.3/lib/ruby/gems/2.2.0/gems/sinatra-1.4.7/lib/sinatra/base.rb:1787:in `synchronize'
	/home/ubuntubk57/.rbenv/versions/2.2.3/lib/ruby/gems/2.2.0/gems/sinatra-1.4.7/lib/sinatra/base.rb:1487:in `call'
	/home/ubuntubk57/.rbenv/versions/2.2.3/lib/ruby/gems/2.2.0/gems/actionpack-4.2.1/lib/action_dispatch/routing/mapper.rb:51:in `serve'
	/home/ubuntubk57/.rbenv/versions/2.2.3/lib/ruby/gems/2.2.0/gems/actionpack-4.2.1/lib/action_dispatch/journey/router.rb:43:in `block in serve'
	/home/ubuntubk57/.rbenv/versions/2.2.3/lib/ruby/gems/2.2.0/gems/actionpack-4.2.1/lib/action_dispatch/journey/router.rb:30:in `each'
	/home/ubuntubk57/.rbenv/versions/2.2.3/lib/ruby/gems/2.2.0/gems/actionpack-4.2.1/lib/action_dispatch/journey/router.rb:30:in `serve'
	/home/ubuntubk57/.rbenv/versions/2.2.3/lib/ruby/gems/2.2.0/gems/actionpack-4.2.1/lib/action_dispatch/routing/route_set.rb:819:in `call'
	/home/ubuntubk57/.rbenv/versions/2.2.3/lib/ruby/gems/2.2.0/gems/client_side_validations-4.2.4/lib/client_side_validations/middleware.rb:15:in `call'
	/home/ubuntubk57/.rbenv/versions/2.2.3/lib/ruby/gems/2.2.0/gems/warden-1.2.6/lib/warden/manager.rb:35:in `block in call'
	/home/ubuntubk57/.rbenv/versions/2.2.3/lib/ruby/gems/2.2.0/gems/warden-1.2.6/lib/warden/manager.rb:34:in `catch'
	/home/ubuntubk57/.rbenv/versions/2.2.3/lib/ruby/gems/2.2.0/gems/warden-1.2.6/lib/warden/manager.rb:34:in `call'
	/home/ubuntubk57/.rbenv/versions/2.2.3/lib/ruby/gems/2.2.0/gems/rack-1.6.4/lib/rack/etag.rb:24:in `call'
	/home/ubuntubk57/.rbenv/versions/2.2.3/lib/ruby/gems/2.2.0/gems/rack-1.6.4/lib/rack/conditionalget.rb:38:in `call'
	/home/ubuntubk57/.rbenv/versions/2.2.3/lib/ruby/gems/2.2.0/gems/rack-1.6.4/lib/rack/head.rb:13:in `call'
	/home/ubuntubk57/.rbenv/versions/2.2.3/lib/ruby/gems/2.2.0/gems/actionpack-4.2.1/lib/action_dispatch/middleware/params_parser.rb:27:in `call'
	/home/ubuntubk57/.rbenv/versions/2.2.3/lib/ruby/gems/2.2.0/gems/actionpack-4.2.1/lib/action_dispatch/middleware/flash.rb:260:in `call'
	/home/ubuntubk57/.rbenv/versions/2.2.3/lib/ruby/gems/2.2.0/gems/rack-1.6.4/lib/rack/session/abstract/id.rb:225:in `context'
	/home/ubuntubk57/.rbenv/versions/2.2.3/lib/ruby/gems/2.2.0/gems/rack-1.6.4/lib/rack/session/abstract/id.rb:220:in `call'
	/home/ubuntubk57/.rbenv/versions/2.2.3/lib/ruby/gems/2.2.0/gems/actionpack-4.2.1/lib/action_dispatch/middleware/cookies.rb:560:in `call'
	/home/ubuntubk57/.rbenv/versions/2.2.3/lib/ruby/gems/2.2.0/gems/activerecord-4.2.1/lib/active_record/query_cache.rb:36:in `call'
	/home/ubuntubk57/.rbenv/versions/2.2.3/lib/ruby/gems/2.2.0/gems/activerecord-4.2.1/lib/active_record/connection_adapters/abstract/connection_pool.rb:649:in `call'
	/home/ubuntubk57/.rbenv/versions/2.2.3/lib/ruby/gems/2.2.0/gems/actionpack-4.2.1/lib/action_dispatch/middleware/callbacks.rb:29:in `block in call'
	/home/ubuntubk57/.rbenv/versions/2.2.3/lib/ruby/gems/2.2.0/gems/activesupport-4.2.1/lib/active_support/callbacks.rb:88:in `call'
	/home/ubuntubk57/.rbenv/versions/2.2.3/lib/ruby/gems/2.2.0/gems/activesupport-4.2.1/lib/active_support/callbacks.rb:88:in `_run_callbacks'
	/home/ubuntubk57/.rbenv/versions/2.2.3/lib/ruby/gems/2.2.0/gems/activesupport-4.2.1/lib/active_support/callbacks.rb:776:in `_run_call_callbacks'
	/home/ubuntubk57/.rbenv/versions/2.2.3/lib/ruby/gems/2.2.0/gems/activesupport-4.2.1/lib/active_support/callbacks.rb:81:in `run_callbacks'
	/home/ubuntubk57/.rbenv/versions/2.2.3/lib/ruby/gems/2.2.0/gems/actionpack-4.2.1/lib/action_dispatch/middleware/callbacks.rb:27:in `call'
	/home/ubuntubk57/.rbenv/versions/2.2.3/lib/ruby/gems/2.2.0/gems/actionpack-4.2.1/lib/action_dispatch/middleware/remote_ip.rb:78:in `call'
	/home/ubuntubk57/.rbenv/versions/2.2.3/lib/ruby/gems/2.2.0/gems/actionpack-4.2.1/lib/action_dispatch/middleware/debug_exceptions.rb:17:in `call'
	/home/ubuntubk57/.rbenv/versions/2.2.3/lib/ruby/gems/2.2.0/gems/actionpack-4.2.1/lib/action_dispatch/middleware/show_exceptions.rb:30:in `call'
	/home/ubuntubk57/.rbenv/versions/2.2.3/lib/ruby/gems/2.2.0/gems/railties-4.2.1/lib/rails/rack/logger.rb:38:in `call_app'
	/home/ubuntubk57/.rbenv/versions/2.2.3/lib/ruby/gems/2.2.0/gems/railties-4.2.1/lib/rails/rack/logger.rb:20:in `block in call'
	/home/ubuntubk57/.rbenv/versions/2.2.3/lib/ruby/gems/2.2.0/gems/activesupport-4.2.1/lib/active_support/tagged_logging.rb:68:in `block in tagged'
	/home/ubuntubk57/.rbenv/versions/2.2.3/lib/ruby/gems/2.2.0/gems/activesupport-4.2.1/lib/active_support/tagged_logging.rb:26:in `tagged'
	/home/ubuntubk57/.rbenv/versions/2.2.3/lib/ruby/gems/2.2.0/gems/activesupport-4.2.1/lib/active_support/tagged_logging.rb:68:in `tagged'
	/home/ubuntubk57/.rbenv/versions/2.2.3/lib/ruby/gems/2.2.0/gems/railties-4.2.1/lib/rails/rack/logger.rb:20:in `call'
	/home/ubuntubk57/.rbenv/versions/2.2.3/lib/ruby/gems/2.2.0/gems/actionpack-4.2.1/lib/action_dispatch/middleware/request_id.rb:21:in `call'
	/home/ubuntubk57/.rbenv/versions/2.2.3/lib/ruby/gems/2.2.0/gems/rack-1.6.4/lib/rack/methodoverride.rb:22:in `call'
	/home/ubuntubk57/.rbenv/versions/2.2.3/lib/ruby/gems/2.2.0/gems/rack-1.6.4/lib/rack/runtime.rb:18:in `call'
	/home/ubuntubk57/.rbenv/versions/2.2.3/lib/ruby/gems/2.2.0/gems/activesupport-4.2.1/lib/active_support/cache/strategy/local_cache_middleware.rb:28:in `call'
	/home/ubuntubk57/.rbenv/versions/2.2.3/lib/ruby/gems/2.2.0/gems/actionpack-4.2.1/lib/action_dispatch/middleware/static.rb:113:in `call'
	/home/ubuntubk57/.rbenv/versions/2.2.3/lib/ruby/gems/2.2.0/gems/rack-1.6.4/lib/rack/sendfile.rb:113:in `call'
	/home/ubuntubk57/.rbenv/versions/2.2.3/lib/ruby/gems/2.2.0/gems/railties-4.2.1/lib/rails/engine.rb:518:in `call'
	/home/ubuntubk57/.rbenv/versions/2.2.3/lib/ruby/gems/2.2.0/gems/railties-4.2.1/lib/rails/application.rb:164:in `call'
	/home/ubuntubk57/.rbenv/versions/2.2.3/lib/ruby/gems/2.2.0/gems/puma-3.4.0/lib/puma/configuration.rb:224:in `call'
	/home/ubuntubk57/.rbenv/versions/2.2.3/lib/ruby/gems/2.2.0/gems/puma-3.4.0/lib/puma/server.rb:569:in `handle_request'
	/home/ubuntubk57/.rbenv/versions/2.2.3/lib/ruby/gems/2.2.0/gems/puma-3.4.0/lib/puma/server.rb:406:in `process_client'
	/home/ubuntubk57/.rbenv/versions/2.2.3/lib/ruby/gems/2.2.0/gems/puma-3.4.0/lib/puma/server.rb:271:in `block in run'
	/home/ubuntubk57/.rbenv/versions/2.2.3/lib/ruby/gems/2.2.0/gems/puma-3.4.0/lib/puma/thread_pool.rb:114:in `call'
	/home/ubuntubk57/.rbenv/versions/2.2.3/lib/ruby/gems/2.2.0/gems/puma-3.4.0/lib/puma/thread_pool.rb:114:in `block in spawn_thread'
2016-09-29 18:04:06 - ActiveRecord::RecordNotFound - Couldn't find Delayed::Backend::ActiveRecord::Job with 'id'=4224783:
	/home/ubuntubk57/.rbenv/versions/2.2.3/lib/ruby/gems/2.2.0/gems/activerecord-4.2.1/lib/active_record/core.rb:155:in `find'
	/home/ubuntubk57/.rbenv/versions/2.2.3/lib/ruby/gems/2.2.0/gems/delayed_job_web-1.2.10/lib/delayed_job_web/application/app.rb:132:in `block in <class:DelayedJobWeb>'
	/home/ubuntubk57/.rbenv/versions/2.2.3/lib/ruby/gems/2.2.0/gems/sinatra-1.4.7/lib/sinatra/base.rb:1611:in `call'
	/home/ubuntubk57/.rbenv/versions/2.2.3/lib/ruby/gems/2.2.0/gems/sinatra-1.4.7/lib/sinatra/base.rb:1611:in `block in compile!'
	/home/ubuntubk57/.rbenv/versions/2.2.3/lib/ruby/gems/2.2.0/gems/sinatra-1.4.7/lib/sinatra/base.rb:975:in `[]'
	/home/ubuntubk57/.rbenv/versions/2.2.3/lib/ruby/gems/2.2.0/gems/sinatra-1.4.7/lib/sinatra/base.rb:975:in `block (3 levels) in route!'
	/home/ubuntubk57/.rbenv/versions/2.2.3/lib/ruby/gems/2.2.0/gems/sinatra-1.4.7/lib/sinatra/base.rb:994:in `route_eval'
	/home/ubuntubk57/.rbenv/versions/2.2.3/lib/ruby/gems/2.2.0/gems/sinatra-1.4.7/lib/sinatra/base.rb:975:in `block (2 levels) in route!'
	/home/ubuntubk57/.rbenv/versions/2.2.3/lib/ruby/gems/2.2.0/gems/sinatra-1.4.7/lib/sinatra/base.rb:1015:in `block in process_route'
	/home/ubuntubk57/.rbenv/versions/2.2.3/lib/ruby/gems/2.2.0/gems/sinatra-1.4.7/lib/sinatra/base.rb:1013:in `catch'
	/home/ubuntubk57/.rbenv/versions/2.2.3/lib/ruby/gems/2.2.0/gems/sinatra-1.4.7/lib/sinatra/base.rb:1013:in `process_route'
	/home/ubuntubk57/.rbenv/versions/2.2.3/lib/ruby/gems/2.2.0/gems/sinatra-1.4.7/lib/sinatra/base.rb:973:in `block in route!'
	/home/ubuntubk57/.rbenv/versions/2.2.3/lib/ruby/gems/2.2.0/gems/sinatra-1.4.7/lib/sinatra/base.rb:972:in `each'
	/home/ubuntubk57/.rbenv/versions/2.2.3/lib/ruby/gems/2.2.0/gems/sinatra-1.4.7/lib/sinatra/base.rb:972:in `route!'
	/home/ubuntubk57/.rbenv/versions/2.2.3/lib/ruby/gems/2.2.0/gems/sinatra-1.4.7/lib/sinatra/base.rb:1085:in `block in dispatch!'
	/home/ubuntubk57/.rbenv/versions/2.2.3/lib/ruby/gems/2.2.0/gems/sinatra-1.4.7/lib/sinatra/base.rb:1067:in `block in invoke'
	/home/ubuntubk57/.rbenv/versions/2.2.3/lib/ruby/gems/2.2.0/gems/sinatra-1.4.7/lib/sinatra/base.rb:1067:in `catch'
	/home/ubuntubk57/.rbenv/versions/2.2.3/lib/ruby/gems/2.2.0/gems/sinatra-1.4.7/lib/sinatra/base.rb:1067:in `invoke'
	/home/ubuntubk57/.rbenv/versions/2.2.3/lib/ruby/gems/2.2.0/gems/sinatra-1.4.7/lib/sinatra/base.rb:1082:in `dispatch!'
	/home/ubuntubk57/.rbenv/versions/2.2.3/lib/ruby/gems/2.2.0/gems/sinatra-1.4.7/lib/sinatra/base.rb:907:in `block in call!'
	/home/ubuntubk57/.rbenv/versions/2.2.3/lib/ruby/gems/2.2.0/gems/sinatra-1.4.7/lib/sinatra/base.rb:1067:in `block in invoke'
	/home/ubuntubk57/.rbenv/versions/2.2.3/lib/ruby/gems/2.2.0/gems/sinatra-1.4.7/lib/sinatra/base.rb:1067:in `catch'
	/home/ubuntubk57/.rbenv/versions/2.2.3/lib/ruby/gems/2.2.0/gems/sinatra-1.4.7/lib/sinatra/base.rb:1067:in `invoke'
	/home/ubuntubk57/.rbenv/versions/2.2.3/lib/ruby/gems/2.2.0/gems/sinatra-1.4.7/lib/sinatra/base.rb:907:in `call!'
	/home/ubuntubk57/.rbenv/versions/2.2.3/lib/ruby/gems/2.2.0/gems/sinatra-1.4.7/lib/sinatra/base.rb:895:in `call'
	/home/ubuntubk57/.rbenv/versions/2.2.3/lib/ruby/gems/2.2.0/gems/rack-protection-1.5.3/lib/rack/protection/xss_header.rb:18:in `call'
	/home/ubuntubk57/.rbenv/versions/2.2.3/lib/ruby/gems/2.2.0/gems/rack-protection-1.5.3/lib/rack/protection/base.rb:49:in `call'
	/home/ubuntubk57/.rbenv/versions/2.2.3/lib/ruby/gems/2.2.0/gems/rack-protection-1.5.3/lib/rack/protection/base.rb:49:in `call'
	/home/ubuntubk57/.rbenv/versions/2.2.3/lib/ruby/gems/2.2.0/gems/rack-protection-1.5.3/lib/rack/protection/path_traversal.rb:16:in `call'
	/home/ubuntubk57/.rbenv/versions/2.2.3/lib/ruby/gems/2.2.0/gems/rack-protection-1.5.3/lib/rack/protection/json_csrf.rb:18:in `call'
	/home/ubuntubk57/.rbenv/versions/2.2.3/lib/ruby/gems/2.2.0/gems/rack-protection-1.5.3/lib/rack/protection/base.rb:49:in `call'
	/home/ubuntubk57/.rbenv/versions/2.2.3/lib/ruby/gems/2.2.0/gems/rack-protection-1.5.3/lib/rack/protection/base.rb:49:in `call'
	/home/ubuntubk57/.rbenv/versions/2.2.3/lib/ruby/gems/2.2.0/gems/rack-protection-1.5.3/lib/rack/protection/frame_options.rb:31:in `call'
	/home/ubuntubk57/.rbenv/versions/2.2.3/lib/ruby/gems/2.2.0/gems/rack-protection-1.5.3/lib/rack/protection/base.rb:49:in `call'
	/home/ubuntubk57/.rbenv/versions/2.2.3/lib/ruby/gems/2.2.0/gems/rack-protection-1.5.3/lib/rack/protection/base.rb:49:in `call'
	/home/ubuntubk57/.rbenv/versions/2.2.3/lib/ruby/gems/2.2.0/gems/rack-1.6.4/lib/rack/nulllogger.rb:9:in `call'
	/home/ubuntubk57/.rbenv/versions/2.2.3/lib/ruby/gems/2.2.0/gems/rack-1.6.4/lib/rack/head.rb:13:in `call'
	/home/ubuntubk57/.rbenv/versions/2.2.3/lib/ruby/gems/2.2.0/gems/sinatra-1.4.7/lib/sinatra/base.rb:182:in `call'
	/home/ubuntubk57/.rbenv/versions/2.2.3/lib/ruby/gems/2.2.0/gems/sinatra-1.4.7/lib/sinatra/base.rb:2013:in `call'
	/home/ubuntubk57/.rbenv/versions/2.2.3/lib/ruby/gems/2.2.0/gems/sinatra-1.4.7/lib/sinatra/base.rb:1487:in `block in call'
	/home/ubuntubk57/.rbenv/versions/2.2.3/lib/ruby/gems/2.2.0/gems/sinatra-1.4.7/lib/sinatra/base.rb:1787:in `synchronize'
	/home/ubuntubk57/.rbenv/versions/2.2.3/lib/ruby/gems/2.2.0/gems/sinatra-1.4.7/lib/sinatra/base.rb:1487:in `call'
	/home/ubuntubk57/.rbenv/versions/2.2.3/lib/ruby/gems/2.2.0/gems/actionpack-4.2.1/lib/action_dispatch/routing/mapper.rb:51:in `serve'
	/home/ubuntubk57/.rbenv/versions/2.2.3/lib/ruby/gems/2.2.0/gems/actionpack-4.2.1/lib/action_dispatch/journey/router.rb:43:in `block in serve'
	/home/ubuntubk57/.rbenv/versions/2.2.3/lib/ruby/gems/2.2.0/gems/actionpack-4.2.1/lib/action_dispatch/journey/router.rb:30:in `each'
	/home/ubuntubk57/.rbenv/versions/2.2.3/lib/ruby/gems/2.2.0/gems/actionpack-4.2.1/lib/action_dispatch/journey/router.rb:30:in `serve'
	/home/ubuntubk57/.rbenv/versions/2.2.3/lib/ruby/gems/2.2.0/gems/actionpack-4.2.1/lib/action_dispatch/routing/route_set.rb:819:in `call'
	/home/ubuntubk57/.rbenv/versions/2.2.3/lib/ruby/gems/2.2.0/gems/client_side_validations-4.2.4/lib/client_side_validations/middleware.rb:15:in `call'
	/home/ubuntubk57/.rbenv/versions/2.2.3/lib/ruby/gems/2.2.0/gems/warden-1.2.6/lib/warden/manager.rb:35:in `block in call'
	/home/ubuntubk57/.rbenv/versions/2.2.3/lib/ruby/gems/2.2.0/gems/warden-1.2.6/lib/warden/manager.rb:34:in `catch'
	/home/ubuntubk57/.rbenv/versions/2.2.3/lib/ruby/gems/2.2.0/gems/warden-1.2.6/lib/warden/manager.rb:34:in `call'
	/home/ubuntubk57/.rbenv/versions/2.2.3/lib/ruby/gems/2.2.0/gems/rack-1.6.4/lib/rack/etag.rb:24:in `call'
	/home/ubuntubk57/.rbenv/versions/2.2.3/lib/ruby/gems/2.2.0/gems/rack-1.6.4/lib/rack/conditionalget.rb:38:in `call'
	/home/ubuntubk57/.rbenv/versions/2.2.3/lib/ruby/gems/2.2.0/gems/rack-1.6.4/lib/rack/head.rb:13:in `call'
	/home/ubuntubk57/.rbenv/versions/2.2.3/lib/ruby/gems/2.2.0/gems/actionpack-4.2.1/lib/action_dispatch/middleware/params_parser.rb:27:in `call'
	/home/ubuntubk57/.rbenv/versions/2.2.3/lib/ruby/gems/2.2.0/gems/actionpack-4.2.1/lib/action_dispatch/middleware/flash.rb:260:in `call'
	/home/ubuntubk57/.rbenv/versions/2.2.3/lib/ruby/gems/2.2.0/gems/rack-1.6.4/lib/rack/session/abstract/id.rb:225:in `context'
	/home/ubuntubk57/.rbenv/versions/2.2.3/lib/ruby/gems/2.2.0/gems/rack-1.6.4/lib/rack/session/abstract/id.rb:220:in `call'
	/home/ubuntubk57/.rbenv/versions/2.2.3/lib/ruby/gems/2.2.0/gems/actionpack-4.2.1/lib/action_dispatch/middleware/cookies.rb:560:in `call'
	/home/ubuntubk57/.rbenv/versions/2.2.3/lib/ruby/gems/2.2.0/gems/activerecord-4.2.1/lib/active_record/query_cache.rb:36:in `call'
	/home/ubuntubk57/.rbenv/versions/2.2.3/lib/ruby/gems/2.2.0/gems/activerecord-4.2.1/lib/active_record/connection_adapters/abstract/connection_pool.rb:649:in `call'
	/home/ubuntubk57/.rbenv/versions/2.2.3/lib/ruby/gems/2.2.0/gems/actionpack-4.2.1/lib/action_dispatch/middleware/callbacks.rb:29:in `block in call'
	/home/ubuntubk57/.rbenv/versions/2.2.3/lib/ruby/gems/2.2.0/gems/activesupport-4.2.1/lib/active_support/callbacks.rb:88:in `call'
	/home/ubuntubk57/.rbenv/versions/2.2.3/lib/ruby/gems/2.2.0/gems/activesupport-4.2.1/lib/active_support/callbacks.rb:88:in `_run_callbacks'
	/home/ubuntubk57/.rbenv/versions/2.2.3/lib/ruby/gems/2.2.0/gems/activesupport-4.2.1/lib/active_support/callbacks.rb:776:in `_run_call_callbacks'
	/home/ubuntubk57/.rbenv/versions/2.2.3/lib/ruby/gems/2.2.0/gems/activesupport-4.2.1/lib/active_support/callbacks.rb:81:in `run_callbacks'
	/home/ubuntubk57/.rbenv/versions/2.2.3/lib/ruby/gems/2.2.0/gems/actionpack-4.2.1/lib/action_dispatch/middleware/callbacks.rb:27:in `call'
	/home/ubuntubk57/.rbenv/versions/2.2.3/lib/ruby/gems/2.2.0/gems/actionpack-4.2.1/lib/action_dispatch/middleware/remote_ip.rb:78:in `call'
	/home/ubuntubk57/.rbenv/versions/2.2.3/lib/ruby/gems/2.2.0/gems/actionpack-4.2.1/lib/action_dispatch/middleware/debug_exceptions.rb:17:in `call'
	/home/ubuntubk57/.rbenv/versions/2.2.3/lib/ruby/gems/2.2.0/gems/actionpack-4.2.1/lib/action_dispatch/middleware/show_exceptions.rb:30:in `call'
	/home/ubuntubk57/.rbenv/versions/2.2.3/lib/ruby/gems/2.2.0/gems/railties-4.2.1/lib/rails/rack/logger.rb:38:in `call_app'
	/home/ubuntubk57/.rbenv/versions/2.2.3/lib/ruby/gems/2.2.0/gems/railties-4.2.1/lib/rails/rack/logger.rb:20:in `block in call'
	/home/ubuntubk57/.rbenv/versions/2.2.3/lib/ruby/gems/2.2.0/gems/activesupport-4.2.1/lib/active_support/tagged_logging.rb:68:in `block in tagged'
	/home/ubuntubk57/.rbenv/versions/2.2.3/lib/ruby/gems/2.2.0/gems/activesupport-4.2.1/lib/active_support/tagged_logging.rb:26:in `tagged'
	/home/ubuntubk57/.rbenv/versions/2.2.3/lib/ruby/gems/2.2.0/gems/activesupport-4.2.1/lib/active_support/tagged_logging.rb:68:in `tagged'
	/home/ubuntubk57/.rbenv/versions/2.2.3/lib/ruby/gems/2.2.0/gems/railties-4.2.1/lib/rails/rack/logger.rb:20:in `call'
	/home/ubuntubk57/.rbenv/versions/2.2.3/lib/ruby/gems/2.2.0/gems/actionpack-4.2.1/lib/action_dispatch/middleware/request_id.rb:21:in `call'
	/home/ubuntubk57/.rbenv/versions/2.2.3/lib/ruby/gems/2.2.0/gems/rack-1.6.4/lib/rack/methodoverride.rb:22:in `call'
	/home/ubuntubk57/.rbenv/versions/2.2.3/lib/ruby/gems/2.2.0/gems/rack-1.6.4/lib/rack/runtime.rb:18:in `call'
	/home/ubuntubk57/.rbenv/versions/2.2.3/lib/ruby/gems/2.2.0/gems/activesupport-4.2.1/lib/active_support/cache/strategy/local_cache_middleware.rb:28:in `call'
	/home/ubuntubk57/.rbenv/versions/2.2.3/lib/ruby/gems/2.2.0/gems/actionpack-4.2.1/lib/action_dispatch/middleware/static.rb:113:in `call'
	/home/ubuntubk57/.rbenv/versions/2.2.3/lib/ruby/gems/2.2.0/gems/rack-1.6.4/lib/rack/sendfile.rb:113:in `call'
	/home/ubuntubk57/.rbenv/versions/2.2.3/lib/ruby/gems/2.2.0/gems/railties-4.2.1/lib/rails/engine.rb:518:in `call'
	/home/ubuntubk57/.rbenv/versions/2.2.3/lib/ruby/gems/2.2.0/gems/railties-4.2.1/lib/rails/application.rb:164:in `call'
	/home/ubuntubk57/.rbenv/versions/2.2.3/lib/ruby/gems/2.2.0/gems/puma-3.4.0/lib/puma/configuration.rb:224:in `call'
	/home/ubuntubk57/.rbenv/versions/2.2.3/lib/ruby/gems/2.2.0/gems/puma-3.4.0/lib/puma/server.rb:569:in `handle_request'
	/home/ubuntubk57/.rbenv/versions/2.2.3/lib/ruby/gems/2.2.0/gems/puma-3.4.0/lib/puma/server.rb:406:in `process_client'
	/home/ubuntubk57/.rbenv/versions/2.2.3/lib/ruby/gems/2.2.0/gems/puma-3.4.0/lib/puma/server.rb:271:in `block in run'
	/home/ubuntubk57/.rbenv/versions/2.2.3/lib/ruby/gems/2.2.0/gems/puma-3.4.0/lib/puma/thread_pool.rb:114:in `call'
	/home/ubuntubk57/.rbenv/versions/2.2.3/lib/ruby/gems/2.2.0/gems/puma-3.4.0/lib/puma/thread_pool.rb:114:in `block in spawn_thread'
2016-09-29 18:05:08 - ActiveRecord::RecordNotFound - Couldn't find Delayed::Backend::ActiveRecord::Job with 'id'=4224789:
	/home/ubuntubk57/.rbenv/versions/2.2.3/lib/ruby/gems/2.2.0/gems/activerecord-4.2.1/lib/active_record/core.rb:155:in `find'
	/home/ubuntubk57/.rbenv/versions/2.2.3/lib/ruby/gems/2.2.0/gems/delayed_job_web-1.2.10/lib/delayed_job_web/application/app.rb:126:in `block in <class:DelayedJobWeb>'
	/home/ubuntubk57/.rbenv/versions/2.2.3/lib/ruby/gems/2.2.0/gems/sinatra-1.4.7/lib/sinatra/base.rb:1611:in `call'
	/home/ubuntubk57/.rbenv/versions/2.2.3/lib/ruby/gems/2.2.0/gems/sinatra-1.4.7/lib/sinatra/base.rb:1611:in `block in compile!'
	/home/ubuntubk57/.rbenv/versions/2.2.3/lib/ruby/gems/2.2.0/gems/sinatra-1.4.7/lib/sinatra/base.rb:975:in `[]'
	/home/ubuntubk57/.rbenv/versions/2.2.3/lib/ruby/gems/2.2.0/gems/sinatra-1.4.7/lib/sinatra/base.rb:975:in `block (3 levels) in route!'
	/home/ubuntubk57/.rbenv/versions/2.2.3/lib/ruby/gems/2.2.0/gems/sinatra-1.4.7/lib/sinatra/base.rb:994:in `route_eval'
	/home/ubuntubk57/.rbenv/versions/2.2.3/lib/ruby/gems/2.2.0/gems/sinatra-1.4.7/lib/sinatra/base.rb:975:in `block (2 levels) in route!'
	/home/ubuntubk57/.rbenv/versions/2.2.3/lib/ruby/gems/2.2.0/gems/sinatra-1.4.7/lib/sinatra/base.rb:1015:in `block in process_route'
	/home/ubuntubk57/.rbenv/versions/2.2.3/lib/ruby/gems/2.2.0/gems/sinatra-1.4.7/lib/sinatra/base.rb:1013:in `catch'
	/home/ubuntubk57/.rbenv/versions/2.2.3/lib/ruby/gems/2.2.0/gems/sinatra-1.4.7/lib/sinatra/base.rb:1013:in `process_route'
	/home/ubuntubk57/.rbenv/versions/2.2.3/lib/ruby/gems/2.2.0/gems/sinatra-1.4.7/lib/sinatra/base.rb:973:in `block in route!'
	/home/ubuntubk57/.rbenv/versions/2.2.3/lib/ruby/gems/2.2.0/gems/sinatra-1.4.7/lib/sinatra/base.rb:972:in `each'
	/home/ubuntubk57/.rbenv/versions/2.2.3/lib/ruby/gems/2.2.0/gems/sinatra-1.4.7/lib/sinatra/base.rb:972:in `route!'
	/home/ubuntubk57/.rbenv/versions/2.2.3/lib/ruby/gems/2.2.0/gems/sinatra-1.4.7/lib/sinatra/base.rb:1085:in `block in dispatch!'
	/home/ubuntubk57/.rbenv/versions/2.2.3/lib/ruby/gems/2.2.0/gems/sinatra-1.4.7/lib/sinatra/base.rb:1067:in `block in invoke'
	/home/ubuntubk57/.rbenv/versions/2.2.3/lib/ruby/gems/2.2.0/gems/sinatra-1.4.7/lib/sinatra/base.rb:1067:in `catch'
	/home/ubuntubk57/.rbenv/versions/2.2.3/lib/ruby/gems/2.2.0/gems/sinatra-1.4.7/lib/sinatra/base.rb:1067:in `invoke'
	/home/ubuntubk57/.rbenv/versions/2.2.3/lib/ruby/gems/2.2.0/gems/sinatra-1.4.7/lib/sinatra/base.rb:1082:in `dispatch!'
	/home/ubuntubk57/.rbenv/versions/2.2.3/lib/ruby/gems/2.2.0/gems/sinatra-1.4.7/lib/sinatra/base.rb:907:in `block in call!'
	/home/ubuntubk57/.rbenv/versions/2.2.3/lib/ruby/gems/2.2.0/gems/sinatra-1.4.7/lib/sinatra/base.rb:1067:in `block in invoke'
	/home/ubuntubk57/.rbenv/versions/2.2.3/lib/ruby/gems/2.2.0/gems/sinatra-1.4.7/lib/sinatra/base.rb:1067:in `catch'
	/home/ubuntubk57/.rbenv/versions/2.2.3/lib/ruby/gems/2.2.0/gems/sinatra-1.4.7/lib/sinatra/base.rb:1067:in `invoke'
	/home/ubuntubk57/.rbenv/versions/2.2.3/lib/ruby/gems/2.2.0/gems/sinatra-1.4.7/lib/sinatra/base.rb:907:in `call!'
	/home/ubuntubk57/.rbenv/versions/2.2.3/lib/ruby/gems/2.2.0/gems/sinatra-1.4.7/lib/sinatra/base.rb:895:in `call'
	/home/ubuntubk57/.rbenv/versions/2.2.3/lib/ruby/gems/2.2.0/gems/rack-protection-1.5.3/lib/rack/protection/xss_header.rb:18:in `call'
	/home/ubuntubk57/.rbenv/versions/2.2.3/lib/ruby/gems/2.2.0/gems/rack-protection-1.5.3/lib/rack/protection/base.rb:49:in `call'
	/home/ubuntubk57/.rbenv/versions/2.2.3/lib/ruby/gems/2.2.0/gems/rack-protection-1.5.3/lib/rack/protection/base.rb:49:in `call'
	/home/ubuntubk57/.rbenv/versions/2.2.3/lib/ruby/gems/2.2.0/gems/rack-protection-1.5.3/lib/rack/protection/path_traversal.rb:16:in `call'
	/home/ubuntubk57/.rbenv/versions/2.2.3/lib/ruby/gems/2.2.0/gems/rack-protection-1.5.3/lib/rack/protection/json_csrf.rb:18:in `call'
	/home/ubuntubk57/.rbenv/versions/2.2.3/lib/ruby/gems/2.2.0/gems/rack-protection-1.5.3/lib/rack/protection/base.rb:49:in `call'
	/home/ubuntubk57/.rbenv/versions/2.2.3/lib/ruby/gems/2.2.0/gems/rack-protection-1.5.3/lib/rack/protection/base.rb:49:in `call'
	/home/ubuntubk57/.rbenv/versions/2.2.3/lib/ruby/gems/2.2.0/gems/rack-protection-1.5.3/lib/rack/protection/frame_options.rb:31:in `call'
	/home/ubuntubk57/.rbenv/versions/2.2.3/lib/ruby/gems/2.2.0/gems/rack-protection-1.5.3/lib/rack/protection/base.rb:49:in `call'
	/home/ubuntubk57/.rbenv/versions/2.2.3/lib/ruby/gems/2.2.0/gems/rack-protection-1.5.3/lib/rack/protection/base.rb:49:in `call'
	/home/ubuntubk57/.rbenv/versions/2.2.3/lib/ruby/gems/2.2.0/gems/rack-1.6.4/lib/rack/nulllogger.rb:9:in `call'
	/home/ubuntubk57/.rbenv/versions/2.2.3/lib/ruby/gems/2.2.0/gems/rack-1.6.4/lib/rack/head.rb:13:in `call'
	/home/ubuntubk57/.rbenv/versions/2.2.3/lib/ruby/gems/2.2.0/gems/sinatra-1.4.7/lib/sinatra/base.rb:182:in `call'
	/home/ubuntubk57/.rbenv/versions/2.2.3/lib/ruby/gems/2.2.0/gems/sinatra-1.4.7/lib/sinatra/base.rb:2013:in `call'
	/home/ubuntubk57/.rbenv/versions/2.2.3/lib/ruby/gems/2.2.0/gems/sinatra-1.4.7/lib/sinatra/base.rb:1487:in `block in call'
	/home/ubuntubk57/.rbenv/versions/2.2.3/lib/ruby/gems/2.2.0/gems/sinatra-1.4.7/lib/sinatra/base.rb:1787:in `synchronize'
	/home/ubuntubk57/.rbenv/versions/2.2.3/lib/ruby/gems/2.2.0/gems/sinatra-1.4.7/lib/sinatra/base.rb:1487:in `call'
	/home/ubuntubk57/.rbenv/versions/2.2.3/lib/ruby/gems/2.2.0/gems/actionpack-4.2.1/lib/action_dispatch/routing/mapper.rb:51:in `serve'
	/home/ubuntubk57/.rbenv/versions/2.2.3/lib/ruby/gems/2.2.0/gems/actionpack-4.2.1/lib/action_dispatch/journey/router.rb:43:in `block in serve'
	/home/ubuntubk57/.rbenv/versions/2.2.3/lib/ruby/gems/2.2.0/gems/actionpack-4.2.1/lib/action_dispatch/journey/router.rb:30:in `each'
	/home/ubuntubk57/.rbenv/versions/2.2.3/lib/ruby/gems/2.2.0/gems/actionpack-4.2.1/lib/action_dispatch/journey/router.rb:30:in `serve'
	/home/ubuntubk57/.rbenv/versions/2.2.3/lib/ruby/gems/2.2.0/gems/actionpack-4.2.1/lib/action_dispatch/routing/route_set.rb:819:in `call'
	/home/ubuntubk57/.rbenv/versions/2.2.3/lib/ruby/gems/2.2.0/gems/client_side_validations-4.2.4/lib/client_side_validations/middleware.rb:15:in `call'
	/home/ubuntubk57/.rbenv/versions/2.2.3/lib/ruby/gems/2.2.0/gems/warden-1.2.6/lib/warden/manager.rb:35:in `block in call'
	/home/ubuntubk57/.rbenv/versions/2.2.3/lib/ruby/gems/2.2.0/gems/warden-1.2.6/lib/warden/manager.rb:34:in `catch'
	/home/ubuntubk57/.rbenv/versions/2.2.3/lib/ruby/gems/2.2.0/gems/warden-1.2.6/lib/warden/manager.rb:34:in `call'
	/home/ubuntubk57/.rbenv/versions/2.2.3/lib/ruby/gems/2.2.0/gems/rack-1.6.4/lib/rack/etag.rb:24:in `call'
	/home/ubuntubk57/.rbenv/versions/2.2.3/lib/ruby/gems/2.2.0/gems/rack-1.6.4/lib/rack/conditionalget.rb:38:in `call'
	/home/ubuntubk57/.rbenv/versions/2.2.3/lib/ruby/gems/2.2.0/gems/rack-1.6.4/lib/rack/head.rb:13:in `call'
	/home/ubuntubk57/.rbenv/versions/2.2.3/lib/ruby/gems/2.2.0/gems/actionpack-4.2.1/lib/action_dispatch/middleware/params_parser.rb:27:in `call'
	/home/ubuntubk57/.rbenv/versions/2.2.3/lib/ruby/gems/2.2.0/gems/actionpack-4.2.1/lib/action_dispatch/middleware/flash.rb:260:in `call'
	/home/ubuntubk57/.rbenv/versions/2.2.3/lib/ruby/gems/2.2.0/gems/rack-1.6.4/lib/rack/session/abstract/id.rb:225:in `context'
	/home/ubuntubk57/.rbenv/versions/2.2.3/lib/ruby/gems/2.2.0/gems/rack-1.6.4/lib/rack/session/abstract/id.rb:220:in `call'
	/home/ubuntubk57/.rbenv/versions/2.2.3/lib/ruby/gems/2.2.0/gems/actionpack-4.2.1/lib/action_dispatch/middleware/cookies.rb:560:in `call'
	/home/ubuntubk57/.rbenv/versions/2.2.3/lib/ruby/gems/2.2.0/gems/activerecord-4.2.1/lib/active_record/query_cache.rb:36:in `call'
	/home/ubuntubk57/.rbenv/versions/2.2.3/lib/ruby/gems/2.2.0/gems/activerecord-4.2.1/lib/active_record/connection_adapters/abstract/connection_pool.rb:649:in `call'
	/home/ubuntubk57/.rbenv/versions/2.2.3/lib/ruby/gems/2.2.0/gems/actionpack-4.2.1/lib/action_dispatch/middleware/callbacks.rb:29:in `block in call'
	/home/ubuntubk57/.rbenv/versions/2.2.3/lib/ruby/gems/2.2.0/gems/activesupport-4.2.1/lib/active_support/callbacks.rb:88:in `call'
	/home/ubuntubk57/.rbenv/versions/2.2.3/lib/ruby/gems/2.2.0/gems/activesupport-4.2.1/lib/active_support/callbacks.rb:88:in `_run_callbacks'
	/home/ubuntubk57/.rbenv/versions/2.2.3/lib/ruby/gems/2.2.0/gems/activesupport-4.2.1/lib/active_support/callbacks.rb:776:in `_run_call_callbacks'
	/home/ubuntubk57/.rbenv/versions/2.2.3/lib/ruby/gems/2.2.0/gems/activesupport-4.2.1/lib/active_support/callbacks.rb:81:in `run_callbacks'
	/home/ubuntubk57/.rbenv/versions/2.2.3/lib/ruby/gems/2.2.0/gems/actionpack-4.2.1/lib/action_dispatch/middleware/callbacks.rb:27:in `call'
	/home/ubuntubk57/.rbenv/versions/2.2.3/lib/ruby/gems/2.2.0/gems/actionpack-4.2.1/lib/action_dispatch/middleware/remote_ip.rb:78:in `call'
	/home/ubuntubk57/.rbenv/versions/2.2.3/lib/ruby/gems/2.2.0/gems/actionpack-4.2.1/lib/action_dispatch/middleware/debug_exceptions.rb:17:in `call'
	/home/ubuntubk57/.rbenv/versions/2.2.3/lib/ruby/gems/2.2.0/gems/actionpack-4.2.1/lib/action_dispatch/middleware/show_exceptions.rb:30:in `call'
	/home/ubuntubk57/.rbenv/versions/2.2.3/lib/ruby/gems/2.2.0/gems/railties-4.2.1/lib/rails/rack/logger.rb:38:in `call_app'
	/home/ubuntubk57/.rbenv/versions/2.2.3/lib/ruby/gems/2.2.0/gems/railties-4.2.1/lib/rails/rack/logger.rb:20:in `block in call'
	/home/ubuntubk57/.rbenv/versions/2.2.3/lib/ruby/gems/2.2.0/gems/activesupport-4.2.1/lib/active_support/tagged_logging.rb:68:in `block in tagged'
	/home/ubuntubk57/.rbenv/versions/2.2.3/lib/ruby/gems/2.2.0/gems/activesupport-4.2.1/lib/active_support/tagged_logging.rb:26:in `tagged'
	/home/ubuntubk57/.rbenv/versions/2.2.3/lib/ruby/gems/2.2.0/gems/activesupport-4.2.1/lib/active_support/tagged_logging.rb:68:in `tagged'
	/home/ubuntubk57/.rbenv/versions/2.2.3/lib/ruby/gems/2.2.0/gems/railties-4.2.1/lib/rails/rack/logger.rb:20:in `call'
	/home/ubuntubk57/.rbenv/versions/2.2.3/lib/ruby/gems/2.2.0/gems/actionpack-4.2.1/lib/action_dispatch/middleware/request_id.rb:21:in `call'
	/home/ubuntubk57/.rbenv/versions/2.2.3/lib/ruby/gems/2.2.0/gems/rack-1.6.4/lib/rack/methodoverride.rb:22:in `call'
	/home/ubuntubk57/.rbenv/versions/2.2.3/lib/ruby/gems/2.2.0/gems/rack-1.6.4/lib/rack/runtime.rb:18:in `call'
	/home/ubuntubk57/.rbenv/versions/2.2.3/lib/ruby/gems/2.2.0/gems/activesupport-4.2.1/lib/active_support/cache/strategy/local_cache_middleware.rb:28:in `call'
	/home/ubuntubk57/.rbenv/versions/2.2.3/lib/ruby/gems/2.2.0/gems/actionpack-4.2.1/lib/action_dispatch/middleware/static.rb:113:in `call'
	/home/ubuntubk57/.rbenv/versions/2.2.3/lib/ruby/gems/2.2.0/gems/rack-1.6.4/lib/rack/sendfile.rb:113:in `call'
	/home/ubuntubk57/.rbenv/versions/2.2.3/lib/ruby/gems/2.2.0/gems/railties-4.2.1/lib/rails/engine.rb:518:in `call'
	/home/ubuntubk57/.rbenv/versions/2.2.3/lib/ruby/gems/2.2.0/gems/railties-4.2.1/lib/rails/application.rb:164:in `call'
	/home/ubuntubk57/.rbenv/versions/2.2.3/lib/ruby/gems/2.2.0/gems/puma-3.4.0/lib/puma/configuration.rb:224:in `call'
	/home/ubuntubk57/.rbenv/versions/2.2.3/lib/ruby/gems/2.2.0/gems/puma-3.4.0/lib/puma/server.rb:569:in `handle_request'
	/home/ubuntubk57/.rbenv/versions/2.2.3/lib/ruby/gems/2.2.0/gems/puma-3.4.0/lib/puma/server.rb:406:in `process_client'
	/home/ubuntubk57/.rbenv/versions/2.2.3/lib/ruby/gems/2.2.0/gems/puma-3.4.0/lib/puma/server.rb:271:in `block in run'
	/home/ubuntubk57/.rbenv/versions/2.2.3/lib/ruby/gems/2.2.0/gems/puma-3.4.0/lib/puma/thread_pool.rb:114:in `call'
	/home/ubuntubk57/.rbenv/versions/2.2.3/lib/ruby/gems/2.2.0/gems/puma-3.4.0/lib/puma/thread_pool.rb:114:in `block in spawn_thread'
=== puma startup: 2016-10-02 22:38:18 +0530 ===
=== puma startup: 2016-10-02 22:42:05 +0530 ===
=== puma startup: 2016-10-02 22:46:49 +0530 ===
=== puma startup: 2016-10-02 22:50:33 +0530 ===
=== puma startup: 2016-10-03 11:08:27 +0530 ===
=== puma startup: 2016-10-03 12:06:02 +0530 ===
=== puma startup: 2016-10-03 12:08:37 +0530 ===
=== puma startup: 2016-10-03 13:41:40 +0530 ===
=== puma startup: 2016-10-03 14:09:55 +0530 ===
=== puma startup: 2016-10-04 21:37:25 +0530 ===
=== puma startup: 2016-10-04 21:41:37 +0530 ===
=== puma startup: 2016-10-04 21:45:43 +0530 ===
=== puma startup: 2016-10-05 10:38:56 +0530 ===
=== puma startup: 2016-10-05 16:21:17 +0530 ===
=== puma startup: 2016-10-05 16:24:41 +0530 ===
=== puma startup: 2016-10-05 17:20:38 +0530 ===
=== puma startup: 2016-10-05 17:27:01 +0530 ===
=== puma startup: 2016-10-05 17:35:31 +0530 ===
=== puma startup: 2016-10-05 18:09:34 +0530 ===
=== puma startup: 2016-10-05 19:13:07 +0530 ===
=== puma startup: 2016-10-05 19:27:41 +0530 ===
=== puma startup: 2016-10-06 12:09:05 +0530 ===
=== puma startup: 2016-10-06 13:34:20 +0530 ===
=== puma startup: 2016-10-06 14:22:12 +0530 ===
=== puma startup: 2016-10-06 20:21:06 +0530 ===
=== puma startup: 2016-10-06 20:48:01 +0530 ===
=== puma startup: 2016-10-06 21:11:06 +0530 ===
=== puma startup: 2016-10-06 21:17:39 +0530 ===
=== puma startup: 2016-10-06 21:24:29 +0530 ===
=== puma startup: 2016-10-06 21:32:04 +0530 ===
=== puma startup: 2016-10-07 18:38:29 +0530 ===
=== puma startup: 2016-10-08 11:36:54 +0530 ===
=== puma startup: 2016-10-08 11:45:26 +0530 ===
=== puma startup: 2016-10-08 15:57:31 +0530 ===
=== puma startup: 2016-10-08 21:05:52 +0530 ===
=== puma startup: 2016-10-13 13:47:00 +0530 ===
=== puma startup: 2016-10-17 15:54:02 +0530 ===
=== puma startup: 2016-10-17 16:00:28 +0530 ===
=== puma startup: 2016-10-17 16:01:53 +0530 ===
=== puma startup: 2016-10-17 16:07:40 +0530 ===
=== puma startup: 2016-10-17 16:08:21 +0530 ===
=== puma startup: 2016-10-17 16:09:00 +0530 ===
=== puma startup: 2016-10-17 16:09:11 +0530 ===
=== puma startup: 2016-10-17 17:08:02 +0530 ===
=== puma startup: 2016-10-17 20:38:57 +0530 ===
=== puma startup: 2016-10-17 20:41:22 +0530 ===
=== puma startup: 2016-10-17 20:42:48 +0530 ===
=== puma startup: 2016-10-17 20:43:43 +0530 ===
=== puma startup: 2016-10-17 20:44:39 +0530 ===
=== puma startup: 2016-10-17 20:46:00 +0530 ===
=== puma startup: 2016-10-21 12:02:22 +0530 ===
=== puma startup: 2016-10-24 12:14:32 +0530 ===
=== puma startup: 2016-10-24 12:56:38 +0530 ===
=== puma startup: 2016-10-24 12:57:13 +0530 ===
=== puma startup: 2016-10-24 12:59:24 +0530 ===
=== puma startup: 2016-10-24 13:00:50 +0530 ===
=== puma startup: 2016-10-24 13:01:43 +0530 ===
=== puma startup: 2016-10-24 13:06:20 +0530 ===
=== puma startup: 2016-10-24 14:35:48 +0530 ===
